#
# A fatal error has been detected by the Java Runtime Environment:
#
#  EXCEPTION_ACCESS_VIOLATION (0xc0000005) at pc=0x0000021d00020830, pid=17076, tid=14400
#
# JRE version: OpenJDK Runtime Environment (15.0+36) (build 15+36-1562)
# Java VM: OpenJDK 64-Bit Server VM (15+36-1562, mixed mode, tiered, compressed oops, g1 gc, windows-amd64)
# Problematic frame:
# j  javax.servlet.http.HttpServletRequestWrapper._getHttpServletRequest()Ljavax/servlet/http/HttpServletRequest;+1
#
# No core dump will be written. Minidumps are not enabled by default on client versions of Windows
#
# If you would like to submit a bug report, please visit:
#   https://bugreport.java.com/bugreport/crash.jsp
#

---------------  S U M M A R Y ------------

Command Line: -Dcom.sun.management.jmxremote -Dcom.sun.management.jmxremote.port=62418 -Dcom.sun.management.jmxremote.authenticate=false -Dcom.sun.management.jmxremote.ssl=false -Djava.rmi.server.hostname=localhost -Dspring.jmx.enabled=true -Dspring.application.admin.enabled=true -XX:TieredStopAtLevel=1 -Dspring.boot.project.name=form_update-1 -Dfile.encoding=UTF-8 -XX:+ShowCodeDetailsInExceptionMessages -agentpath:C:\Program Files\SentinelOne\Sentinel Agent 24.1.5.277\SentinelJava64.dll=extendedCapabilities com.example.demo.FormUpdate1Application --spring.output.ansi.enabled=always

Host: Intel(R) Core(TM) i9-14900, 32 cores, 15G,  Windows 10 , 64 bit Build 26100 (10.0.26100.3775)
Time: Thu Apr 17 19:13:23 2025 India Standard Time elapsed time: 24.534481 seconds (0d 0h 0m 24s)

---------------  T H R E A D  ---------------

Current thread (0x0000021d17e79ab0):  JavaThread "http-nio-8081-exec-4" daemon [_thread_in_Java, id=14400, stack(0x0000006c34a00000,0x0000006c34b00000)]

Stack: [0x0000006c34a00000,0x0000006c34b00000],  sp=0x0000006c34afbde8,  free space=1007k
Native frames: (J=compiled Java code, j=interpreted, Vv=VM code, C=native code)
C  0x0000021d00020830


siginfo: EXCEPTION_ACCESS_VIOLATION (0xc0000005), reading address 0x00000000000010f0


Register to memory mapping:

RIP=0x0000021d00020830 is at code_begin+272 in an Interpreter codelet
checkcast  192 checkcast  [0x0000021d00020720, 0x0000021d00020980]  608 bytes
RAX=0x00000008004245e0 is a pointer to class: 
javax.servlet.http.HttpServletRequest {0x00000008004245e8}
RBX=0x0 is NULL
RCX=0x0000021d1c525740 is pointing into metadata
RDX=0x00000000000010e8 is an unknown value
RSP=0x0000006c34afbde8 is pointing into the stack for thread: 0x0000021d17e79ab0
RBP=0x0000006c34afbe30 is pointing into the stack for thread: 0x0000021d17e79ab0
RSI=0x0000000000000001 is an unknown value
RDI=0x0000006c34afc2e0 is pointing into the stack for thread: 0x0000021d17e79ab0
R8 =0x0000006c34afc2f0 is pointing into the stack for thread: 0x0000021d17e79ab0
R9 =0x0000000000000001 is an unknown value
R10=0x00007ffe1a5711c0 jvm.dll
R11=0x0000006c34afc048 is pointing into the stack for thread: 0x0000021d17e79ab0
R12=0x0 is NULL
R13=0x0000021d1c5259cc is pointing into metadata
R14=0x0000006c34afbe40 is pointing into the stack for thread: 0x0000021d17e79ab0
R15=0x0000021d17e79ab0 is a thread


Registers:
RAX=0x00000008004245e0, RBX=0x0000000000000000, RCX=0x0000021d1c525740, RDX=0x00000000000010e8
RSP=0x0000006c34afbde8, RBP=0x0000006c34afbe30, RSI=0x0000000000000001, RDI=0x0000006c34afc2e0
R8 =0x0000006c34afc2f0, R9 =0x0000000000000001, R10=0x00007ffe1a5711c0, R11=0x0000006c34afc048
R12=0x0000000000000000, R13=0x0000021d1c5259cc, R14=0x0000006c34afbe40, R15=0x0000021d17e79ab0
RIP=0x0000021d00020830, EFLAGS=0x0000000000010246

Top of Stack: (sp=0x0000006c34afbde8)
0x0000006c34afbde8:   0000006c34afbde8 0000021d1c5259c9
0x0000006c34afbdf8:   0000006c34afbe40 0000021d1c527a18
0x0000006c34afbe08:   0000021d1dcb14a8 000000070787f178
0x0000006c34afbe18:   0000021d1c5259e8 0000000000000000
0x0000006c34afbe28:   0000006c34afbe40 0000006c34afbe90
0x0000006c34afbe38:   0000021d00009ee0 0000006c34afd340
0x0000006c34afbe48:   0000006c34afbe48 0000021d1c525bd9
0x0000006c34afbe58:   0000006c34afbea8 0000021d1c527a18
0x0000006c34afbe68:   0000021d1cbbe168 000000070787f178
0x0000006c34afbe78:   0000021d1c525c08 0000006c34afbe40
0x0000006c34afbe88:   0000006c34afbea0 0000006c34afc080
0x0000006c34afbe98:   0000021d00000f90 000000070992f9e0
0x0000006c34afbea8:   0000006c34afd340 0000000000000001
0x0000006c34afbeb8:   0000021d1683c680 0000021d7313cf40
0x0000006c34afbec8:   00007ffe1a0bbc93 0000021d17e79ab0
0x0000006c34afbed8:   0000006c34afd340 0000021d167fa480 

Instructions: (pc=0x0000021d00020830)
0x0000021d00020730:   49 08 48 8b 49 08 48 8b 51 08 41 0f b7 5d 01 0f
0x0000021d00020740:   cb c1 eb 10 80 7c 1a 04 07 0f 84 d0 00 00 00 50
0x0000021d00020750:   e8 05 00 00 00 e9 aa 00 00 00 48 8d 44 24 08 4c
0x0000021d00020760:   89 6d c0 49 8b cf c5 f8 77 49 89 af 18 03 00 00
0x0000021d00020770:   49 89 87 08 03 00 00 48 83 ec 20 f7 c4 0f 00 00
0x0000021d00020780:   00 0f 84 1a 00 00 00 48 83 ec 08 49 ba 00 c1 e0
0x0000021d00020790:   19 fe 7f 00 00 41 ff d2 48 83 c4 08 e9 0d 00 00
0x0000021d000207a0:   00 49 ba 00 c1 e0 19 fe 7f 00 00 41 ff d2 48 83
0x0000021d000207b0:   c4 20 49 ba 00 00 00 00 00 00 00 00 4d 89 97 08
0x0000021d000207c0:   03 00 00 49 ba 00 00 00 00 00 00 00 00 4d 89 97
0x0000021d000207d0:   18 03 00 00 49 ba 00 00 00 00 00 00 00 00 4d 89
0x0000021d000207e0:   97 10 03 00 00 c5 f8 77 49 81 7f 08 00 00 00 00
0x0000021d000207f0:   0f 84 05 00 00 00 e9 85 06 fe ff 4c 8b 6d c0 4c
0x0000021d00020800:   8b 75 c8 c3 49 8b 87 68 03 00 00 49 ba 00 00 00
0x0000021d00020810:   00 00 00 00 00 4d 89 97 68 03 00 00 5a eb 11 48
0x0000021d00020820:   8b d0 66 8b 5c d9 48 48 8b 49 28 48 8b 44 d9 08
0x0000021d00020830:   8b 5a 08 49 ba 00 00 00 00 08 00 00 00 49 03 da
0x0000021d00020840:   48 8b 4d d8 48 85 c9 0f 84 8a 00 00 00 48 8b 79
0x0000021d00020850:   18 48 3b fb 0f 85 0f 00 00 00 48 83 41 20 01 48
0x0000021d00020860:   83 59 20 00 e9 66 00 00 00 48 85 ff 0f 84 37 00
0x0000021d00020870:   00 00 48 8b 79 28 48 3b fb 0f 85 0f 00 00 00 48
0x0000021d00020880:   83 41 30 01 48 83 59 30 00 e9 41 00 00 00 48 85
0x0000021d00020890:   ff 0f 85 38 00 00 00 48 89 59 28 bf 01 00 00 00
0x0000021d000208a0:   48 89 79 30 e9 26 00 00 00 48 3b 59 28 0f 85 0f
0x0000021d000208b0:   00 00 00 48 83 41 30 01 48 83 59 30 00 e9 0d 00
0x0000021d000208c0:   00 00 48 89 59 18 bf 01 00 00 00 48 89 79 20 48
0x0000021d000208d0:   83 c1 38 48 89 4d d8 48 3b d8 0f 84 5b 00 00 00
0x0000021d000208e0:   8b 48 14 48 3b 04 0b 0f 84 4e 00 00 00 83 f9 20
0x0000021d000208f0:   0f 85 22 00 00 00 50 48 8b c0 57 48 8b 7b 28 8b
0x0000021d00020900:   0f 48 83 c7 08 48 85 c0 f2 48 af 5f 58 75 09 48
0x0000021d00020910:   89 43 20 e9 23 00 00 00 48 8b 4d d8 48 85 c9 0f
0x0000021d00020920:   84 10 00 00 00 48 83 41 d0 ff 0f 88 05 00 00 00 


Stack slot to memory mapping:
stack at sp + 0 slots: 0x0000006c34afbde8 is pointing into the stack for thread: 0x0000021d17e79ab0
stack at sp + 1 slots: 0x0000021d1c5259c9 is pointing into metadata
stack at sp + 2 slots: 0x0000006c34afbe40 is pointing into the stack for thread: 0x0000021d17e79ab0
stack at sp + 3 slots: 0x0000021d1c527a18 is pointing into metadata
stack at sp + 4 slots: 0x0000021d1dcb14a8 is pointing into metadata
stack at sp + 5 slots: 0x000000070787f178 is an oop: java.lang.Class 
{0x000000070787f178} - klass: 'java/lang/Class'
stack at sp + 6 slots: {method} {0x0000021d1c5259f0} '_getHttpServletRequest' '()Ljavax/servlet/http/HttpServletRequest;' in 'javax/servlet/http/HttpServletRequestWrapper'
stack at sp + 7 slots: 0x0 is NULL

checkcast  192 checkcast  [0x0000021d00020720, 0x0000021d00020980]  608 bytes
[MachCode]
  0x0000021d00020720: 5848 85c0 | 0f84 1902 | 0000 488b | 4de8 488b | 4908 488b | 4908 488b | 5108 410f | b75d 010f 
  0x0000021d00020740: cbc1 eb10 | 807c 1a04 | 070f 84d0 | 0000 0050 | e805 0000 | 00e9 aa00 | 0000 488d | 4424 084c 
  0x0000021d00020760: 896d c049 | 8bcf c5f8 | 7749 89af | 1803 0000 | 4989 8708 | 0300 0048 | 83ec 20f7 | c40f 0000 
  0x0000021d00020780: 000f 841a | 0000 0048 | 83ec 0849 | ba00 c1e0 | 19fe 7f00 | 0041 ffd2 | 4883 c408 | e90d 0000 
  0x0000021d000207a0: 0049 ba00 | c1e0 19fe | 7f00 0041 | ffd2 4883 | c420 49ba | 0000 0000 | 0000 0000 | 4d89 9708 
  0x0000021d000207c0: 0300 0049 | ba00 0000 | 0000 0000 | 004d 8997 | 1803 0000 | 49ba 0000 | 0000 0000 | 0000 4d89 
  0x0000021d000207e0: 9710 0300 | 00c5 f877 | 4981 7f08 | 0000 0000 | 0f84 0500 | 0000 e985 | 06fe ff4c | 8b6d c04c 
  0x0000021d00020800: 8b75 c8c3 | 498b 8768 | 0300 0049 | ba00 0000 | 0000 0000 | 004d 8997 | 6803 0000 | 5aeb 1148 
  0x0000021d00020820: 8bd0 668b | 5cd9 4848 | 8b49 2848 | 8b44 d908 | 8b5a 0849 | ba00 0000 | 0008 0000 | 0049 03da 
  0x0000021d00020840: 488b 4dd8 | 4885 c90f | 848a 0000 | 0048 8b79 | 1848 3bfb | 0f85 0f00 | 0000 4883 | 4120 0148 
  0x0000021d00020860: 8359 2000 | e966 0000 | 0048 85ff | 0f84 3700 | 0000 488b | 7928 483b | fb0f 850f | 0000 0048 
  0x0000021d00020880: 8341 3001 | 4883 5930 | 00e9 4100 | 0000 4885 | ff0f 8538 | 0000 0048 | 8959 28bf | 0100 0000 
  0x0000021d000208a0: 4889 7930 | e926 0000 | 0048 3b59 | 280f 850f | 0000 0048 | 8341 3001 | 4883 5930 | 00e9 0d00 
  0x0000021d000208c0: 0000 4889 | 5918 bf01 | 0000 0048 | 8979 2048 | 83c1 3848 | 894d d848 | 3bd8 0f84 | 5b00 0000 
  0x0000021d000208e0: 8b48 1448 | 3b04 0b0f | 844e 0000 | 0083 f920 | 0f85 2200 | 0000 5048 | 8bc0 5748 | 8b7b 288b 
  0x0000021d00020900: 0f48 83c7 | 0848 85c0 | f248 af5f | 5875 0948 | 8943 20e9 | 2300 0000 | 488b 4dd8 | 4885 c90f 
  0x0000021d00020920: 8410 0000 | 0048 8341 | d0ff 0f88 | 0500 0000 | 4883 41d0 | 0152 e962 | d1fe ff48 | 8bc2 e919 
  0x0000021d00020940: 0000 0048 | 8b4d d848 | 85c9 0f84 | 0c00 0000 | 8049 0101 | 4883 c138 | 4889 4dd8 | 410f b65d 
  0x0000021d00020960: 0349 83c5 | 0349 bac0 | 1157 1afe | 7f00 0041 | ff24 da0f | 1f44 0000 | 0000 0000 | 0000 0000 
[/MachCode]

---------------  P R O C E S S  ---------------

Threads class SMR info:
_java_thread_list=0x0000021d17e25320, length=42, elements={
0x0000021d1683f030, 0x0000021d1683f8f0, 0x0000021d16866540, 0x0000021d16866e00,
0x0000021d168676c0, 0x0000021d1686b480, 0x0000021d1686dd90, 0x0000021d7f7d75c0,
0x0000021d16a409a0, 0x0000021d17092a60, 0x0000021d1707d2e0, 0x0000021d17078570,
0x0000021d173f9270, 0x0000021d173f8400, 0x0000021d173f9c10, 0x0000021d173f70c0,
0x0000021d17e782a0, 0x0000021d17e760f0, 0x0000021d17e748e0, 0x0000021d17e78770,
0x0000021d17e765c0, 0x0000021d17e77430, 0x0000021d17e77900, 0x0000021d17e79110,
0x0000021d17e795e0, 0x0000021d17e75c20, 0x0000021d17e79ab0, 0x0000021d17e7bc60,
0x0000021d17e7c130, 0x0000021d17e79f80, 0x0000021d17e7adf0, 0x0000021d17e7b2c0,
0x0000021d17e7a450, 0x0000021d17e7b790, 0x0000021d17e7a920, 0x0000021d173f9740,
0x0000021d1ac88720, 0x0000021d1ac8c0e0, 0x0000021d1ac8a8d0, 0x0000021d1ac8bc10,
0x0000021d1ac8b740, 0x0000021d1ac890c0
}

Java Threads: ( => current thread )
  0x0000021d1683f030 JavaThread "Reference Handler" daemon [_thread_blocked, id=15240, stack(0x0000006c31b00000,0x0000006c31c00000)]
  0x0000021d1683f8f0 JavaThread "Finalizer" daemon [_thread_blocked, id=17668, stack(0x0000006c31c00000,0x0000006c31d00000)]
  0x0000021d16866540 JavaThread "Signal Dispatcher" daemon [_thread_blocked, id=10280, stack(0x0000006c31d00000,0x0000006c31e00000)]
  0x0000021d16866e00 JavaThread "Attach Listener" daemon [_thread_blocked, id=30564, stack(0x0000006c31e00000,0x0000006c31f00000)]
  0x0000021d168676c0 JavaThread "Service Thread" daemon [_thread_blocked, id=5988, stack(0x0000006c31f00000,0x0000006c32000000)]
  0x0000021d1686b480 JavaThread "C1 CompilerThread0" daemon [_thread_blocked, id=32196, stack(0x0000006c32000000,0x0000006c32100000)]
  0x0000021d1686dd90 JavaThread "Sweeper thread" daemon [_thread_blocked, id=16584, stack(0x0000006c32100000,0x0000006c32200000)]
  0x0000021d7f7d75c0 JavaThread "Common-Cleaner" daemon [_thread_blocked, id=3588, stack(0x0000006c32200000,0x0000006c32300000)]
  0x0000021d16a409a0 JavaThread "Notification Thread" daemon [_thread_blocked, id=9312, stack(0x0000006c32300000,0x0000006c32400000)]
  0x0000021d17092a60 JavaThread "RMI TCP Accept-0" daemon [_thread_in_native, id=17760, stack(0x0000006c32400000,0x0000006c32500000)]
  0x0000021d1707d2e0 JavaThread "RMI TCP Accept-62418" daemon [_thread_in_native, id=30380, stack(0x0000006c32500000,0x0000006c32600000)]
  0x0000021d17078570 JavaThread "RMI TCP Accept-0" daemon [_thread_in_native, id=31332, stack(0x0000006c32600000,0x0000006c32700000)]
  0x0000021d173f9270 JavaThread "RMI TCP Connection(1)-127.0.0.1" daemon [_thread_in_native, id=26948, stack(0x0000006c32f00000,0x0000006c33000000)]
  0x0000021d173f8400 JavaThread "RMI Scheduler(0)" daemon [_thread_blocked, id=11832, stack(0x0000006c33000000,0x0000006c33100000)]
  0x0000021d173f9c10 JavaThread "RMI TCP Connection(2)-127.0.0.1" daemon [_thread_in_native, id=32284, stack(0x0000006c33100000,0x0000006c33200000)]
  0x0000021d173f70c0 JavaThread "JMX server connection timeout 35" daemon [_thread_blocked, id=33360, stack(0x0000006c33200000,0x0000006c33300000)]
  0x0000021d17e782a0 JavaThread "Catalina-utility-1" [_thread_blocked, id=4092, stack(0x0000006c33300000,0x0000006c33400000)]
  0x0000021d17e760f0 JavaThread "Catalina-utility-2" [_thread_blocked, id=32884, stack(0x0000006c33b00000,0x0000006c33c00000)]
  0x0000021d17e748e0 JavaThread "container-0" [_thread_blocked, id=31288, stack(0x0000006c33c00000,0x0000006c33d00000)]
  0x0000021d17e78770 JavaThread "mysql-cj-abandoned-connection-cleanup" daemon [_thread_blocked, id=20636, stack(0x0000006c33d00000,0x0000006c33e00000)]
  0x0000021d17e765c0 JavaThread "HikariPool-1 housekeeper" daemon [_thread_blocked, id=22972, stack(0x0000006c34300000,0x0000006c34400000)]
  0x0000021d17e77430 JavaThread "File Watcher" daemon [_thread_blocked, id=3040, stack(0x0000006c34500000,0x0000006c34600000)]
  0x0000021d17e77900 JavaThread "Live Reload Server" daemon [_thread_in_native, id=17348, stack(0x0000006c34700000,0x0000006c34800000)]
  0x0000021d17e79110 JavaThread "http-nio-8081-exec-1" daemon [_thread_blocked, id=17868, stack(0x0000006c34600000,0x0000006c34700000)]
  0x0000021d17e795e0 JavaThread "http-nio-8081-exec-2" daemon [_thread_blocked, id=25856, stack(0x0000006c34800000,0x0000006c34900000)]
  0x0000021d17e75c20 JavaThread "http-nio-8081-exec-3" daemon [_thread_blocked, id=27384, stack(0x0000006c34900000,0x0000006c34a00000)]
=>0x0000021d17e79ab0 JavaThread "http-nio-8081-exec-4" daemon [_thread_in_Java, id=14400, stack(0x0000006c34a00000,0x0000006c34b00000)]
  0x0000021d17e7bc60 JavaThread "http-nio-8081-exec-5" daemon [_thread_blocked, id=3184, stack(0x0000006c34b00000,0x0000006c34c00000)]
  0x0000021d17e7c130 JavaThread "http-nio-8081-exec-6" daemon [_thread_blocked, id=28444, stack(0x0000006c34c00000,0x0000006c34d00000)]
  0x0000021d17e79f80 JavaThread "http-nio-8081-exec-7" daemon [_thread_blocked, id=32208, stack(0x0000006c34d00000,0x0000006c34e00000)]
  0x0000021d17e7adf0 JavaThread "http-nio-8081-exec-8" daemon [_thread_blocked, id=24820, stack(0x0000006c34e00000,0x0000006c34f00000)]
  0x0000021d17e7b2c0 JavaThread "http-nio-8081-exec-9" daemon [_thread_blocked, id=27732, stack(0x0000006c34f00000,0x0000006c35000000)]
  0x0000021d17e7a450 JavaThread "http-nio-8081-exec-10" daemon [_thread_blocked, id=32824, stack(0x0000006c35000000,0x0000006c35100000)]
  0x0000021d17e7b790 JavaThread "http-nio-8081-Poller" daemon [_thread_in_native, id=32408, stack(0x0000006c35100000,0x0000006c35200000)]
  0x0000021d17e7a920 JavaThread "http-nio-8081-Acceptor" daemon [_thread_in_native, id=26240, stack(0x0000006c35200000,0x0000006c35300000)]
  0x0000021d173f9740 JavaThread "DestroyJavaVM" [_thread_blocked, id=14044, stack(0x0000006c31400000,0x0000006c31500000)]
  0x0000021d1ac88720 JavaThread "RMI TCP Connection(3)-127.0.0.1" daemon [_thread_in_native, id=26212, stack(0x0000006c32e00000,0x0000006c32f00000)]
  0x0000021d1ac8c0e0 JavaThread "RMI TCP Connection(4)-127.0.0.1" daemon [_thread_in_native, id=4892, stack(0x0000006c35300000,0x0000006c35400000)]
  0x0000021d1ac8a8d0 JavaThread "RMI TCP Connection(5)-127.0.0.1" daemon [_thread_in_native, id=26896, stack(0x0000006c35400000,0x0000006c35500000)]
  0x0000021d1ac8bc10 JavaThread "RMI TCP Connection(6)-127.0.0.1" daemon [_thread_in_native, id=19360, stack(0x0000006c35500000,0x0000006c35600000)]
  0x0000021d1ac8b740 JavaThread "RMI TCP Connection(7)-127.0.0.1" daemon [_thread_in_native, id=6856, stack(0x0000006c35700000,0x0000006c35800000)]
  0x0000021d1ac890c0 JavaThread "RMI TCP Connection(8)-127.0.0.1" daemon [_thread_in_native, id=32448, stack(0x0000006c35800000,0x0000006c35900000)]

Other Threads:
  0x0000021d7f8084f0 VMThread "VM Thread" [stack: 0x0000006c31a00000,0x0000006c31b00000] [id=2292]
  0x0000021d73142160 WatcherThread [stack: 0x0000006c32700000,0x0000006c32800000] [id=11596]
  0x0000021d73195d00 GCTaskThread "GC Thread#0" [stack: 0x0000006c31500000,0x0000006c31600000] [id=27144]
  0x0000021d16f12870 GCTaskThread "GC Thread#1" [stack: 0x0000006c32800000,0x0000006c32900000] [id=26544]
  0x0000021d16f151e0 GCTaskThread "GC Thread#2" [stack: 0x0000006c32900000,0x0000006c32a00000] [id=23628]
  0x0000021d16f12ed0 GCTaskThread "GC Thread#3" [stack: 0x0000006c32a00000,0x0000006c32b00000] [id=7868]
  0x0000021d16f13200 GCTaskThread "GC Thread#4" [stack: 0x0000006c32b00000,0x0000006c32c00000] [id=31516]
  0x0000021d16f13530 GCTaskThread "GC Thread#5" [stack: 0x0000006c32c00000,0x0000006c32d00000] [id=27592]
  0x0000021d16f13ec0 GCTaskThread "GC Thread#6" [stack: 0x0000006c33400000,0x0000006c33500000] [id=28040]
  0x0000021d16f12ba0 GCTaskThread "GC Thread#7" [stack: 0x0000006c33500000,0x0000006c33600000] [id=28188]
  0x0000021d1804f6f0 GCTaskThread "GC Thread#8" [stack: 0x0000006c33e00000,0x0000006c33f00000] [id=4532]
  0x0000021d1804ed60 GCTaskThread "GC Thread#9" [stack: 0x0000006c33f00000,0x0000006c34000000] [id=24816]
  0x0000021d180506e0 GCTaskThread "GC Thread#10" [stack: 0x0000006c34000000,0x0000006c34100000] [id=33196]
  0x0000021d18050080 GCTaskThread "GC Thread#11" [stack: 0x0000006c34100000,0x0000006c34200000] [id=27584]
  0x0000021d731a7620 ConcurrentGCThread "G1 Main Marker" [stack: 0x0000006c31600000,0x0000006c31700000] [id=19556]
  0x0000021d731a9cb0 ConcurrentGCThread "G1 Conc#0" [stack: 0x0000006c31700000,0x0000006c31800000] [id=7688]
  0x0000021d16f15ea0 ConcurrentGCThread "G1 Conc#1" [stack: 0x0000006c33600000,0x0000006c33700000] [id=7660]
  0x0000021d16f141f0 ConcurrentGCThread "G1 Conc#2" [stack: 0x0000006c33700000,0x0000006c33800000] [id=30100]
  0x0000021d16f14520 ConcurrentGCThread "G1 Conc#3" [stack: 0x0000006c33800000,0x0000006c33900000] [id=3460]
  0x0000021d16f14850 ConcurrentGCThread "G1 Conc#4" [stack: 0x0000006c33900000,0x0000006c33a00000] [id=18024]
  0x0000021d16f14b80 ConcurrentGCThread "G1 Conc#5" [stack: 0x0000006c33a00000,0x0000006c33b00000] [id=21336]
  0x0000021d7f7444e0 ConcurrentGCThread "G1 Refine#0" [stack: 0x0000006c31800000,0x0000006c31900000] [id=31756]
  0x0000021d731aea70 ConcurrentGCThread "G1 Young RemSet Sampling" [stack: 0x0000006c31900000,0x0000006c31a00000] [id=6360]

Threads with active compile tasks:

VM state: not at safepoint (normal execution)

VM Mutex/Monitor currently owned by a thread: None

Heap address: 0x0000000704e00000, size: 4018 MB, Compressed Oops mode: Zero based, Oop shift amount: 3
CDS disabled.
Compressed class space mapped at: 0x0000000800000000-0x0000000840000000, size: 1073741824
Narrow klass base: 0x0000000800000000, Narrow klass shift: 0, Narrow klass range: 0x40000000

GC Precious Log:
 CPUs: 32 total, 32 available
 Memory: 16070M
 Large Page Support: Disabled
 NUMA Support: Disabled
 Compressed Oops: Enabled (Zero based)
 Heap Region Size: 2M
 Heap Min Capacity: 8M
 Heap Initial Capacity: 252M
 Heap Max Capacity: 4018M
 Pre-touch: Disabled
 Parallel Workers: 23
 Concurrent Workers: 6
 Concurrent Refinement Workers: 23
 Periodic GC: Disabled

Heap:
 garbage-first heap   total 102400K, used 51316K [0x0000000704e00000, 0x0000000800000000)
  region size 2048K, 15 young (30720K), 4 survivors (8192K)
 Metaspace       used 73008K, capacity 73796K, committed 73856K, reserved 1114112K
  class space    used 9081K, capacity 9286K, committed 9344K, reserved 1048576K

Heap Regions: E=young(eden), S=young(survivor), O=old, HS=humongous(starts), HC=humongous(continues), CS=collection set, F=free, OA=open archive, CA=closed archive, TAMS=top-at-mark-start (previous, next)
|   0|0x0000000704e00000, 0x0000000705000000, 0x0000000705000000|100%| O|  |TAMS 0x0000000705000000, 0x0000000704e00000| Untracked 
|   1|0x0000000705000000, 0x0000000705200000, 0x0000000705200000|100%| O|  |TAMS 0x0000000705200000, 0x0000000705000000| Untracked 
|   2|0x0000000705200000, 0x0000000705400000, 0x0000000705400000|100%| O|  |TAMS 0x0000000705400000, 0x0000000705200000| Untracked 
|   3|0x0000000705400000, 0x0000000705437400, 0x0000000705600000| 10%| O|  |TAMS 0x0000000705437400, 0x0000000705400000| Untracked 
|   4|0x0000000705600000, 0x0000000705800000, 0x0000000705800000|100%| O|  |TAMS 0x0000000705800000, 0x0000000705600000| Untracked 
|   5|0x0000000705800000, 0x0000000705a00000, 0x0000000705a00000|100%| O|  |TAMS 0x0000000705a00000, 0x0000000705800000| Untracked 
|   6|0x0000000705a00000, 0x0000000705c00000, 0x0000000705c00000|100%| O|  |TAMS 0x0000000705c00000, 0x0000000705a00000| Untracked 
|   7|0x0000000705c00000, 0x0000000705e00000, 0x0000000705e00000|100%| O|  |TAMS 0x0000000705da6400, 0x0000000705c00000| Untracked 
|   8|0x0000000705e00000, 0x0000000706000000, 0x0000000706000000|100%| O|  |TAMS 0x0000000705e00000, 0x0000000705e00000| Untracked 
|   9|0x0000000706000000, 0x000000070609e600, 0x0000000706200000| 30%| O|  |TAMS 0x0000000706000000, 0x0000000706000000| Untracked 
|  10|0x0000000706200000, 0x0000000706400000, 0x0000000706400000|100%| O|  |TAMS 0x0000000706200000, 0x0000000706200000| Untracked 
|  11|0x0000000706400000, 0x00000007064a2e00, 0x0000000706600000| 31%| O|  |TAMS 0x0000000706400000, 0x0000000706400000| Untracked 
|  12|0x0000000706600000, 0x0000000706600000, 0x0000000706800000|  0%| F|  |TAMS 0x0000000706600000, 0x0000000706600000| Untracked 
|  13|0x0000000706800000, 0x0000000706800000, 0x0000000706a00000|  0%| F|  |TAMS 0x0000000706800000, 0x0000000706800000| Untracked 
|  14|0x0000000706a00000, 0x0000000706a00000, 0x0000000706c00000|  0%| F|  |TAMS 0x0000000706a00000, 0x0000000706a00000| Untracked 
|  15|0x0000000706c00000, 0x0000000706c00000, 0x0000000706e00000|  0%| F|  |TAMS 0x0000000706c00000, 0x0000000706c00000| Untracked 
|  16|0x0000000706e00000, 0x0000000706e00000, 0x0000000707000000|  0%| F|  |TAMS 0x0000000706e00000, 0x0000000706e00000| Untracked 
|  17|0x0000000707000000, 0x0000000707000000, 0x0000000707200000|  0%| F|  |TAMS 0x0000000707000000, 0x0000000707000000| Untracked 
|  18|0x0000000707200000, 0x0000000707200000, 0x0000000707400000|  0%| F|  |TAMS 0x0000000707200000, 0x0000000707200000| Untracked 
|  19|0x0000000707400000, 0x00000007074a4970, 0x0000000707600000| 32%| S|CS|TAMS 0x0000000707400000, 0x0000000707400000| Complete 
|  20|0x0000000707600000, 0x0000000707800000, 0x0000000707800000|100%| S|CS|TAMS 0x0000000707600000, 0x0000000707600000| Complete 
|  21|0x0000000707800000, 0x0000000707a00000, 0x0000000707a00000|100%| S|CS|TAMS 0x0000000707800000, 0x0000000707800000| Complete 
|  22|0x0000000707a00000, 0x0000000707c00000, 0x0000000707c00000|100%| S|CS|TAMS 0x0000000707a00000, 0x0000000707a00000| Complete 
|  23|0x0000000707c00000, 0x0000000707c00000, 0x0000000707e00000|  0%| F|  |TAMS 0x0000000707c00000, 0x0000000707c00000| Untracked 
|  24|0x0000000707e00000, 0x0000000707e00000, 0x0000000708000000|  0%| F|  |TAMS 0x0000000707e00000, 0x0000000707e00000| Untracked 
|  25|0x0000000708000000, 0x0000000708000000, 0x0000000708200000|  0%| F|  |TAMS 0x0000000708000000, 0x0000000708000000| Untracked 
|  26|0x0000000708200000, 0x0000000708200000, 0x0000000708400000|  0%| F|  |TAMS 0x0000000708200000, 0x0000000708200000| Untracked 
|  27|0x0000000708400000, 0x0000000708400000, 0x0000000708600000|  0%| F|  |TAMS 0x0000000708400000, 0x0000000708400000| Untracked 
|  28|0x0000000708600000, 0x0000000708600000, 0x0000000708800000|  0%| F|  |TAMS 0x0000000708600000, 0x0000000708600000| Untracked 
|  29|0x0000000708800000, 0x0000000708800000, 0x0000000708a00000|  0%| F|  |TAMS 0x0000000708800000, 0x0000000708800000| Untracked 
|  30|0x0000000708a00000, 0x0000000708a00000, 0x0000000708c00000|  0%| F|  |TAMS 0x0000000708a00000, 0x0000000708a00000| Untracked 
|  31|0x0000000708c00000, 0x0000000708c00000, 0x0000000708e00000|  0%| F|  |TAMS 0x0000000708c00000, 0x0000000708c00000| Untracked 
|  32|0x0000000708e00000, 0x0000000708e00000, 0x0000000709000000|  0%| F|  |TAMS 0x0000000708e00000, 0x0000000708e00000| Untracked 
|  33|0x0000000709000000, 0x0000000709000000, 0x0000000709200000|  0%| F|  |TAMS 0x0000000709000000, 0x0000000709000000| Untracked 
|  34|0x0000000709200000, 0x0000000709200000, 0x0000000709400000|  0%| F|  |TAMS 0x0000000709200000, 0x0000000709200000| Untracked 
|  35|0x0000000709400000, 0x0000000709400000, 0x0000000709600000|  0%| F|  |TAMS 0x0000000709400000, 0x0000000709400000| Untracked 
|  36|0x0000000709600000, 0x0000000709600000, 0x0000000709800000|  0%| F|  |TAMS 0x0000000709600000, 0x0000000709600000| Untracked 
|  37|0x0000000709800000, 0x0000000709942150, 0x0000000709a00000| 62%| E|  |TAMS 0x0000000709800000, 0x0000000709800000| Complete 
|  38|0x0000000709a00000, 0x0000000709c00000, 0x0000000709c00000|100%| E|CS|TAMS 0x0000000709a00000, 0x0000000709a00000| Complete 
|  39|0x0000000709c00000, 0x0000000709e00000, 0x0000000709e00000|100%| E|CS|TAMS 0x0000000709c00000, 0x0000000709c00000| Complete 
|  40|0x0000000709e00000, 0x000000070a000000, 0x000000070a000000|100%| E|CS|TAMS 0x0000000709e00000, 0x0000000709e00000| Complete 
|  41|0x000000070a000000, 0x000000070a200000, 0x000000070a200000|100%| E|CS|TAMS 0x000000070a000000, 0x000000070a000000| Complete 
|  42|0x000000070a200000, 0x000000070a400000, 0x000000070a400000|100%| E|CS|TAMS 0x000000070a200000, 0x000000070a200000| Complete 
|  43|0x000000070a400000, 0x000000070a600000, 0x000000070a600000|100%| E|CS|TAMS 0x000000070a400000, 0x000000070a400000| Complete 
|  44|0x000000070a600000, 0x000000070a800000, 0x000000070a800000|100%| E|CS|TAMS 0x000000070a600000, 0x000000070a600000| Complete 
|  45|0x000000070a800000, 0x000000070aa00000, 0x000000070aa00000|100%| E|CS|TAMS 0x000000070a800000, 0x000000070a800000| Complete 
|  46|0x000000070aa00000, 0x000000070ac00000, 0x000000070ac00000|100%| E|CS|TAMS 0x000000070aa00000, 0x000000070aa00000| Complete 
| 125|0x0000000714800000, 0x0000000714a00000, 0x0000000714a00000|100%| E|CS|TAMS 0x0000000714800000, 0x0000000714800000| Complete 
|2007|0x00000007ffc00000, 0x00000007ffe00000, 0x00000007ffe00000|100%| O|  |TAMS 0x00000007ffe00000, 0x00000007ffc00000| Untracked 
|2008|0x00000007ffe00000, 0x0000000800000000, 0x0000000800000000|100%| O|  |TAMS 0x0000000800000000, 0x00000007ffe00000| Untracked 

Card table byte_map: [0x0000021d7a530000,0x0000021d7ad10000] _byte_map_base: 0x0000021d76d09000

Marking Bits (Prev, Next): (CMBitMap*) 0x0000021d73196340, (CMBitMap*) 0x0000021d73196300
 Prev Bits: [0x0000021d0f000000, 0x0000021d12ec8000)
 Next Bits: [0x0000021d7b4f0000, 0x0000021d7f3b8000)

Polling page: 0x0000021d72940000

Metaspace:

Usage:
  Non-class:     63.00 MB capacity,    62.43 MB (>99%) used,   490.41 KB ( <1%) free+waste,    92.31 KB ( <1%) overhead. 
      Class:      9.07 MB capacity,     8.87 MB ( 98%) used,   170.33 KB (  2%) free+waste,    34.06 KB ( <1%) overhead. 
       Both:     72.07 MB capacity,    71.30 MB ( 99%) used,   660.73 KB ( <1%) free+waste,   126.38 KB ( <1%) overhead. 

Virtual space:
  Non-class space:       64.00 MB reserved,      63.00 MB ( 98%) committed 
      Class space:        1.00 GB reserved,       9.12 MB ( <1%) committed 
             Both:        1.06 GB reserved,      72.12 MB (  7%) committed 

Chunk freelists:
   Non-Class:  2.00 KB
       Class:  26.00 KB
        Both:  28.00 KB

MaxMetaspaceSize: 17179869184.00 GB
CompressedClassSpaceSize: 1.00 GB

CodeHeap 'non-profiled nmethods': size=232192Kb used=10032Kb max_used=10032Kb free=222159Kb
 bounds [0x0000021d00d40000, 0x0000021d01710000, 0x0000021d0f000000]
CodeHeap 'non-nmethods': size=13568Kb used=1337Kb max_used=1337Kb free=12231Kb
 bounds [0x0000021d00000000, 0x0000021d00270000, 0x0000021d00d40000]
 total_blobs=6370 nmethods=5732 adapters=565
 compilation: enabled
              stopped_count=0, restarted_count=0
 full_count=0

Compilation events (20 events):
Event: 24.529 Thread 0x0000021d1686b480 5715       1       com.mysql.cj.protocol.a.NativePacketPayload::writeBytes (73 bytes)
Event: 24.529 Thread 0x0000021d1686b480 nmethod 5715 0x0000021d01709d90 code [0x0000021d01709f40, 0x0000021d0170a158]
Event: 24.529 Thread 0x0000021d1686b480 5718       1       sun.util.calendar.ZoneInfo::getOffsets (8 bytes)
Event: 24.529 Thread 0x0000021d1686b480 nmethod 5718 0x0000021d0170a290 code [0x0000021d0170a420, 0x0000021d0170a528]
Event: 24.529 Thread 0x0000021d1686b480 5719       1       sun.util.calendar.CalendarDate::getDayOfWeek (18 bytes)
Event: 24.529 Thread 0x0000021d1686b480 nmethod 5719 0x0000021d0170a610 code [0x0000021d0170a7a0, 0x0000021d0170a878]
Event: 24.529 Thread 0x0000021d1686b480 5722       1       java.util.Calendar::setTimeInMillis (84 bytes)
Event: 24.529 Thread 0x0000021d1686b480 nmethod 5722 0x0000021d0170a910 code [0x0000021d0170aac0, 0x0000021d0170aca8]
Event: 24.529 Thread 0x0000021d1686b480 5716       1       com.mysql.cj.jdbc.ConnectionImpl::getSession (5 bytes)
Event: 24.529 Thread 0x0000021d1686b480 nmethod 5716 0x0000021d0170ad90 code [0x0000021d0170af20, 0x0000021d0170afd8]
Event: 24.529 Thread 0x0000021d1686b480 5720       1       com.mysql.cj.protocol.a.PacketSplitter::getPacketLen (5 bytes)
Event: 24.529 Thread 0x0000021d1686b480 nmethod 5720 0x0000021d0170b090 code [0x0000021d0170b220, 0x0000021d0170b2d8]
Event: 24.530 Thread 0x0000021d1686b480 5729       1       java.util.HashMap::afterNodeRemoval (1 bytes)
Event: 24.530 Thread 0x0000021d1686b480 nmethod 5729 0x0000021d0170b390 code [0x0000021d0170b520, 0x0000021d0170b5d8]
Event: 24.530 Thread 0x0000021d1686b480 5730       1       org.apache.tomcat.util.http.MimeHeaders::getName (26 bytes)
Event: 24.531 Thread 0x0000021d1686b480 nmethod 5730 0x0000021d0170b690 code [0x0000021d0170b820, 0x0000021d0170b958]
Event: 24.531 Thread 0x0000021d1686b480 5731       1       org.springframework.util.MimeType::isWildcardType (10 bytes)
Event: 24.531 Thread 0x0000021d1686b480 nmethod 5731 0x0000021d0170ba90 code [0x0000021d0170bc20, 0x0000021d0170bd08]
Event: 24.531 Thread 0x0000021d1686b480 5732       1       org.apache.tomcat.util.buf.ByteChunk::recycle (10 bytes)
Event: 24.531 Thread 0x0000021d1686b480 nmethod 5732 0x0000021d0170bd90 code [0x0000021d0170bf20, 0x0000021d0170c018]

GC Heap History (20 events):
Event: 0.876 GC heap before
{Heap before GC invocations=6 (full 0):
 garbage-first heap   total 155648K, used 95619K [0x0000000704e00000, 0x0000000800000000)
  region size 2048K, 45 young (92160K), 2 survivors (4096K)
 Metaspace       used 29853K, capacity 30202K, committed 30336K, reserved 1075200K
  class space    used 3522K, capacity 3635K, committed 3712K, reserved 1048576K
}
Event: 0.878 GC heap after
{Heap after GC invocations=7 (full 0):
 garbage-first heap   total 155648K, used 11772K [0x0000000704e00000, 0x0000000800000000)
  region size 2048K, 3 young (6144K), 3 survivors (6144K)
 Metaspace       used 29853K, capacity 30202K, committed 30336K, reserved 1075200K
  class space    used 3522K, capacity 3635K, committed 3712K, reserved 1048576K
}
Event: 1.133 GC heap before
{Heap before GC invocations=7 (full 0):
 garbage-first heap   total 155648K, used 60924K [0x0000000704e00000, 0x0000000800000000)
  region size 2048K, 28 young (57344K), 3 survivors (6144K)
 Metaspace       used 35313K, capacity 35790K, committed 35840K, reserved 1081344K
  class space    used 4298K, capacity 4467K, committed 4480K, reserved 1048576K
}
Event: 1.136 GC heap after
{Heap after GC invocations=8 (full 0):
 garbage-first heap   total 155648K, used 15303K [0x0000000704e00000, 0x0000000800000000)
  region size 2048K, 5 young (10240K), 5 survivors (10240K)
 Metaspace       used 35313K, capacity 35790K, committed 35840K, reserved 1081344K
  class space    used 4298K, capacity 4467K, committed 4480K, reserved 1048576K
}
Event: 1.209 GC heap before
{Heap before GC invocations=9 (full 0):
 garbage-first heap   total 69632K, used 64455K [0x0000000704e00000, 0x0000000800000000)
  region size 2048K, 30 young (61440K), 5 survivors (10240K)
 Metaspace       used 37181K, capacity 37614K, committed 37760K, reserved 1083392K
  class space    used 4487K, capacity 4627K, committed 4736K, reserved 1048576K
}
Event: 1.212 GC heap after
{Heap after GC invocations=10 (full 0):
 garbage-first heap   total 81920K, used 16782K [0x0000000704e00000, 0x0000000800000000)
  region size 2048K, 4 young (8192K), 4 survivors (8192K)
 Metaspace       used 37181K, capacity 37614K, committed 37760K, reserved 1083392K
  class space    used 4487K, capacity 4627K, committed 4736K, reserved 1048576K
}
Event: 1.221 GC heap before
{Heap before GC invocations=10 (full 0):
 garbage-first heap   total 81920K, used 55694K [0x0000000704e00000, 0x0000000800000000)
  region size 2048K, 24 young (49152K), 4 survivors (8192K)
 Metaspace       used 37181K, capacity 37614K, committed 37760K, reserved 1083392K
  class space    used 4487K, capacity 4627K, committed 4736K, reserved 1048576K
}
Event: 1.223 GC heap after
{Heap after GC invocations=11 (full 0):
 garbage-first heap   total 98304K, used 16969K [0x0000000704e00000, 0x0000000800000000)
  region size 2048K, 1 young (2048K), 1 survivors (2048K)
 Metaspace       used 37181K, capacity 37614K, committed 37760K, reserved 1083392K
  class space    used 4487K, capacity 4627K, committed 4736K, reserved 1048576K
}
Event: 1.507 GC heap before
{Heap before GC invocations=11 (full 0):
 garbage-first heap   total 98304K, used 70217K [0x0000000704e00000, 0x0000000800000000)
  region size 2048K, 28 young (57344K), 1 survivors (2048K)
 Metaspace       used 43586K, capacity 44109K, committed 44160K, reserved 1087488K
  class space    used 5335K, capacity 5490K, committed 5504K, reserved 1048576K
}
Event: 1.509 GC heap after
{Heap after GC invocations=12 (full 0):
 garbage-first heap   total 98304K, used 18563K [0x0000000704e00000, 0x0000000800000000)
  region size 2048K, 2 young (4096K), 2 survivors (4096K)
 Metaspace       used 43586K, capacity 44109K, committed 44160K, reserved 1087488K
  class space    used 5335K, capacity 5490K, committed 5504K, reserved 1048576K
}
Event: 1.761 GC heap before
{Heap before GC invocations=12 (full 0):
 garbage-first heap   total 98304K, used 71811K [0x0000000704e00000, 0x0000000800000000)
  region size 2048K, 28 young (57344K), 2 survivors (4096K)
 Metaspace       used 51742K, capacity 52284K, committed 52480K, reserved 1095680K
  class space    used 6446K, capacity 6614K, committed 6656K, reserved 1048576K
}
Event: 1.764 GC heap after
{Heap after GC invocations=13 (full 0):
 garbage-first heap   total 98304K, used 21399K [0x0000000704e00000, 0x0000000800000000)
  region size 2048K, 4 young (8192K), 4 survivors (8192K)
 Metaspace       used 51742K, capacity 52284K, committed 52480K, reserved 1095680K
  class space    used 6446K, capacity 6614K, committed 6656K, reserved 1048576K
}
Event: 2.005 GC heap before
{Heap before GC invocations=13 (full 0):
 garbage-first heap   total 98304K, used 70551K [0x0000000704e00000, 0x0000000800000000)
  region size 2048K, 28 young (57344K), 4 survivors (8192K)
 Metaspace       used 57977K, capacity 58569K, committed 58880K, reserved 1099776K
  class space    used 7385K, capacity 7592K, committed 7680K, reserved 1048576K
}
Event: 2.008 GC heap after
{Heap after GC invocations=14 (full 0):
 garbage-first heap   total 98304K, used 24082K [0x0000000704e00000, 0x0000000800000000)
  region size 2048K, 3 young (6144K), 3 survivors (6144K)
 Metaspace       used 57977K, capacity 58569K, committed 58880K, reserved 1099776K
  class space    used 7385K, capacity 7592K, committed 7680K, reserved 1048576K
}
Event: 2.061 GC heap before
{Heap before GC invocations=14 (full 0):
 garbage-first heap   total 98304K, used 32274K [0x0000000704e00000, 0x0000000800000000)
  region size 2048K, 8 young (16384K), 3 survivors (6144K)
 Metaspace       used 59472K, capacity 60044K, committed 60160K, reserved 1101824K
  class space    used 7590K, capacity 7785K, committed 7808K, reserved 1048576K
}
Event: 2.064 GC heap after
{Heap after GC invocations=15 (full 0):
 garbage-first heap   total 118784K, used 25079K [0x0000000704e00000, 0x0000000800000000)
  region size 2048K, 2 young (4096K), 2 survivors (4096K)
 Metaspace       used 59472K, capacity 60044K, committed 60160K, reserved 1101824K
  class space    used 7590K, capacity 7785K, committed 7808K, reserved 1048576K
}
Event: 7.731 GC heap before
{Heap before GC invocations=16 (full 0):
 garbage-first heap   total 102400K, used 82423K [0x0000000704e00000, 0x0000000800000000)
  region size 2048K, 30 young (61440K), 2 survivors (4096K)
 Metaspace       used 63358K, capacity 64047K, committed 64256K, reserved 1105920K
  class space    used 8155K, capacity 8387K, committed 8448K, reserved 1048576K
}
Event: 7.734 GC heap after
{Heap after GC invocations=17 (full 0):
 garbage-first heap   total 102400K, used 27728K [0x0000000704e00000, 0x0000000800000000)
  region size 2048K, 4 young (8192K), 4 survivors (8192K)
 Metaspace       used 63358K, capacity 64047K, committed 64256K, reserved 1105920K
  class space    used 8155K, capacity 8387K, committed 8448K, reserved 1048576K
}
Event: 8.028 GC heap before
{Heap before GC invocations=17 (full 0):
 garbage-first heap   total 102400K, used 76880K [0x0000000704e00000, 0x0000000800000000)
  region size 2048K, 29 young (59392K), 4 survivors (8192K)
 Metaspace       used 70877K, capacity 71599K, committed 71936K, reserved 1112064K
  class space    used 8847K, capacity 9091K, committed 9216K, reserved 1048576K
}
Event: 8.031 GC heap after
{Heap after GC invocations=18 (full 0):
 garbage-first heap   total 102400K, used 30836K [0x0000000704e00000, 0x0000000800000000)
  region size 2048K, 4 young (8192K), 4 survivors (8192K)
 Metaspace       used 70877K, capacity 71599K, committed 71936K, reserved 1112064K
  class space    used 8847K, capacity 9091K, committed 9216K, reserved 1048576K
}

Deoptimization events (6 events):
Event: 0.869 Thread 0x0000021d17976440 DEOPT PACKING pc=0x0000021d01070efc sp=0x0000006c32efcf90
Event: 0.869 Thread 0x0000021d17976440 DEOPT UNPACKING pc=0x0000021d0004e23f sp=0x0000006c32efc4e8 mode 0
Event: 1.345 Thread 0x0000021d17e782a0 DEOPT PACKING pc=0x0000021d00fbed28 sp=0x0000006c333fed50
Event: 1.345 Thread 0x0000021d17e782a0 DEOPT UNPACKING pc=0x0000021d0004e23f sp=0x0000006c333fe1b8 mode 3
Event: 2.108 Thread 0x0000021d17976440 DEOPT PACKING pc=0x0000021d00fc55c9 sp=0x0000006c32efd400
Event: 2.108 Thread 0x0000021d17976440 DEOPT UNPACKING pc=0x0000021d0004e23f sp=0x0000006c32efc918 mode 3

Classes unloaded (0 events):
No events

Classes redefined (0 events):
No events

Internal exceptions (20 events):
Event: 7.836 Thread 0x0000021d17e79110 Exception <a 'java/lang/ClassNotFoundException'{0x0000000709ab4108}: org/springframework/web/servlet/tags/HtmlEscapingAwareTagCustomizer> (0x0000000709ab4108) 
thrown [./open/src/hotspot/share/classfile/systemDictionary.cpp, line 295]
Event: 7.836 Thread 0x0000021d17e79110 Exception <a 'java/lang/ClassNotFoundException'{0x0000000709ac1448}: org/springframework/web/servlet/tags/form/AbstractFormTagCustomizer> (0x0000000709ac1448) 
thrown [./open/src/hotspot/share/classfile/systemDictionary.cpp, line 295]
Event: 7.836 Thread 0x0000021d17e79110 Exception <a 'java/lang/ClassNotFoundException'{0x0000000709acd950}: org/springframework/web/servlet/tags/form/AbstractDataBoundFormElementTagCustomizer> (0x0000000709acd950) 
thrown [./open/src/hotspot/share/classfile/systemDictionary.cpp, line 295]
Event: 7.837 Thread 0x0000021d17e79110 Exception <a 'java/lang/ClassNotFoundException'{0x0000000709ae0790}: org/springframework/web/servlet/tags/form/AbstractHtmlElementTagCustomizer> (0x0000000709ae0790) 
thrown [./open/src/hotspot/share/classfile/systemDictionary.cpp, line 295]
Event: 7.837 Thread 0x0000021d17e79110 Exception <a 'java/lang/ClassNotFoundException'{0x0000000709afab68}: org/springframework/web/servlet/tags/form/FormTagCustomizer> (0x0000000709afab68) 
thrown [./open/src/hotspot/share/classfile/systemDictionary.cpp, line 295]
Event: 7.838 Thread 0x0000021d17e79110 Exception <a 'java/lang/ClassNotFoundException'{0x0000000709b1cd78}: org/springframework/web/servlet/tags/form/InputTagBeanInfo> (0x0000000709b1cd78) 
thrown [./open/src/hotspot/share/classfile/systemDictionary.cpp, line 295]
Event: 7.838 Thread 0x0000021d17e79110 Exception <a 'java/lang/ClassNotFoundException'{0x0000000709b25bd0}: org/springframework/web/servlet/tags/form/AbstractHtmlInputElementTagBeanInfo> (0x0000000709b25bd0) 
thrown [./open/src/hotspot/share/classfile/systemDictionary.cpp, line 295]
Event: 7.838 Thread 0x0000021d17e79110 Exception <a 'java/lang/ClassNotFoundException'{0x0000000709b2ebd8}: org/springframework/web/servlet/tags/form/AbstractHtmlInputElementTagCustomizer> (0x0000000709b2ebd8) 
thrown [./open/src/hotspot/share/classfile/systemDictionary.cpp, line 295]
Event: 7.839 Thread 0x0000021d17e79110 Exception <a 'java/lang/ClassNotFoundException'{0x0000000709b414c8}: org/springframework/web/servlet/tags/form/InputTagCustomizer> (0x0000000709b414c8) 
thrown [./open/src/hotspot/share/classfile/systemDictionary.cpp, line 295]
Event: 7.839 Thread 0x0000021d17e79110 Exception <a 'java/lang/ClassNotFoundException'{0x0000000709b6d2b8}: org/springframework/web/servlet/tags/form/CheckboxTagBeanInfo> (0x0000000709b6d2b8) 
thrown [./open/src/hotspot/share/classfile/systemDictionary.cpp, line 295]
Event: 7.839 Thread 0x0000021d17e79110 Exception <a 'java/lang/ClassNotFoundException'{0x0000000709b760d8}: org/springframework/web/servlet/tags/form/AbstractSingleCheckedElementTagBeanInfo> (0x0000000709b760d8) 
thrown [./open/src/hotspot/share/classfile/systemDictionary.cpp, line 295]
Event: 7.840 Thread 0x0000021d17e79110 Exception <a 'java/lang/ClassNotFoundException'{0x0000000709b7ef78}: org/springframework/web/servlet/tags/form/AbstractCheckedElementTagBeanInfo> (0x0000000709b7ef78) 
thrown [./open/src/hotspot/share/classfile/systemDictionary.cpp, line 295]
Event: 7.840 Thread 0x0000021d17e79110 Exception <a 'java/lang/ClassNotFoundException'{0x0000000709b87e18}: org/springframework/web/servlet/tags/form/AbstractCheckedElementTagCustomizer> (0x0000000709b87e18) 
thrown [./open/src/hotspot/share/classfile/systemDictionary.cpp, line 295]
Event: 7.840 Thread 0x0000021d17e79110 Exception <a 'java/lang/ClassNotFoundException'{0x0000000709b971a0}: org/springframework/web/servlet/tags/form/AbstractSingleCheckedElementTagCustomizer> (0x0000000709b971a0) 
thrown [./open/src/hotspot/share/classfile/systemDictionary.cpp, line 295]
Event: 7.840 Thread 0x0000021d17e79110 Exception <a 'java/lang/ClassNotFoundException'{0x0000000709ba7088}: org/springframework/web/servlet/tags/form/CheckboxTagCustomizer> (0x0000000709ba7088) 
thrown [./open/src/hotspot/share/classfile/systemDictionary.cpp, line 295]
Event: 7.974 Thread 0x0000021d17e79110 Exception <a 'java/lang/ArrayIndexOutOfBoundsException'{0x000000070828f4d0}: Index 30032 out of bounds for length 30032> (0x000000070828f4d0) 
thrown [./open/src/hotspot/share/interpreter/interpreterRuntime.cpp, line 443]
Event: 8.128 Thread 0x0000021d17e79110 Exception <a 'java/lang/ClassNotFoundException'{0x000000070a3d2520}: java/lang/ObjectCustomizer> (0x000000070a3d2520) 
thrown [./open/src/hotspot/share/classfile/systemDictionary.cpp, line 295]
Event: 8.129 Thread 0x0000021d17e79110 Exception <a 'java/lang/ClassNotFoundException'{0x000000070a3df190}: com/example/demo/entity/FormEntityCustomizer> (0x000000070a3df190) 
thrown [./open/src/hotspot/share/classfile/systemDictionary.cpp, line 295]
Event: 8.138 Thread 0x0000021d17e79110 Exception <a 'java/lang/NullPointerException'{0x000000070a088900}> (0x000000070a088900) 
thrown [./open/src/hotspot/share/interpreter/linkResolver.cpp, line 1457]
Event: 21.266 Thread 0x0000021d17e795e0 Exception <a 'java/lang/NoClassDefFoundError'{0x0000000709b4cf28}: sun/reflect/Reflection> (0x0000000709b4cf28) 
thrown [./open/src/hotspot/share/classfile/systemDictionary.cpp, line 284]

Events (20 events):
Event: 24.520 Executing VM operation: get/set locals
Event: 24.520 Executing VM operation: get/set locals done
Event: 24.520 Executing VM operation: get/set locals
Event: 24.520 Executing VM operation: get/set locals done
Event: 24.520 Executing VM operation: get/set locals
Event: 24.520 Executing VM operation: get/set locals done
Event: 24.520 Executing VM operation: get/set locals
Event: 24.521 Executing VM operation: get/set locals done
Event: 24.521 Executing VM operation: get/set locals
Event: 24.521 Executing VM operation: get/set locals done
Event: 24.521 Executing VM operation: get/set locals
Event: 24.521 Executing VM operation: get/set locals done
Event: 24.521 Executing VM operation: get/set locals
Event: 24.521 Executing VM operation: get/set locals done
Event: 24.523 Executing VM operation: get/set locals
Event: 24.523 Executing VM operation: get/set locals done
Event: 24.531 Executing VM operation: get/set locals
Event: 24.531 Executing VM operation: get/set locals done
Event: 24.531 Executing VM operation: get/set locals
Event: 24.532 Executing VM operation: get/set locals done


Dynamic libraries:
0x00007ff71eda0000 - 0x00007ff71edad000 	E:\sts\spring-tool-suite-4-4.8.1.RELEASE-e4.17.0-win32.win32.x86_64\sts-4.8.1.RELEASE\plugins\org.eclipse.justj.openjdk.hotspot.jre.full.win32.x86_64_15.0.0.v20201014-1246\jre\bin\javaw.exe
0x0000021d72d70000 - 0x0000021d72fd0000 	C:\Windows\SYSTEM32\ntd1l.dll
0x0000021d72fe0000 - 0x0000021d730a7000 	C:\Windows\System32\kern3l32.dll
0x00007ffe8dc80000 - 0x00007ffe8dee0000 	C:\Windows\SYSTEM32\ntdll.dll
0x00007ffe8c730000 - 0x00007ffe8c7f7000 	C:\Windows\System32\KERNEL32.DLL
0x00007ffe8b2a0000 - 0x00007ffe8b66a000 	C:\Windows\System32\KERNELBASE.dll
0x00007ffe890e0000 - 0x00007ffe894f6000 	C:\Program Files\SentinelOne\Sentinel Agent 24.1.5.277\InProcessClient64.dll
0x00007ffe8d2e0000 - 0x00007ffe8d392000 	C:\Windows\System32\ADVAPI32.dll
0x00007ffe8c920000 - 0x00007ffe8c9c9000 	C:\Windows\System32\msvcrt.dll
0x00007ffe8d1c0000 - 0x00007ffe8d266000 	C:\Windows\System32\sechost.dll
0x00007ffe8bdc0000 - 0x00007ffe8bed6000 	C:\Windows\System32\RPCRT4.dll
0x00007ffe8b840000 - 0x00007ffe8b98b000 	C:\Windows\System32\ucrtbase.dll
0x00007ffe77e00000 - 0x00007ffe77e18000 	E:\sts\spring-tool-suite-4-4.8.1.RELEASE-e4.17.0-win32.win32.x86_64\sts-4.8.1.RELEASE\plugins\org.eclipse.justj.openjdk.hotspot.jre.full.win32.x86_64_15.0.0.v20201014-1246\jre\bin\jli.dll
0x00007ffe790c0000 - 0x00007ffe790d9000 	E:\sts\spring-tool-suite-4-4.8.1.RELEASE-e4.17.0-win32.win32.x86_64\sts-4.8.1.RELEASE\plugins\org.eclipse.justj.openjdk.hotspot.jre.full.win32.x86_64_15.0.0.v20201014-1246\jre\bin\VCRUNTIME140.dll
0x00007ffe8cef0000 - 0x00007ffe8d0bc000 	C:\Windows\System32\USER32.dll
0x00007ffe8ba50000 - 0x00007ffe8ba77000 	C:\Windows\System32\win32u.dll
0x00007ffe7adc0000 - 0x00007ffe7b057000 	C:\Windows\WinSxS\amd64_microsoft.windows.common-controls_6595b64144ccf1df_6.0.26100.3624_none_3e086962e3345f24\COMCTL32.dll
0x00007ffe8d3f0000 - 0x00007ffe8d41a000 	C:\Windows\System32\GDI32.dll
0x00007ffe8b700000 - 0x00007ffe8b831000 	C:\Windows\System32\gdi32full.dll
0x00007ffe8afe0000 - 0x00007ffe8b083000 	C:\Windows\System32\msvcp_win.dll
0x00007ffe89080000 - 0x00007ffe8908b000 	C:\Windows\SYSTEM32\VERSION.dll
0x00007ffe89070000 - 0x00007ffe8907c000 	C:\Windows\SYSTEM32\FLTLIB.DLL
0x00007ffe8c8e0000 - 0x00007ffe8c90f000 	C:\Windows\System32\IMM32.DLL
0x00007ffe7fc90000 - 0x00007ffe7fc9c000 	E:\sts\spring-tool-suite-4-4.8.1.RELEASE-e4.17.0-win32.win32.x86_64\sts-4.8.1.RELEASE\plugins\org.eclipse.justj.openjdk.hotspot.jre.full.win32.x86_64_15.0.0.v20201014-1246\jre\bin\vcruntime140_1.dll
0x00007ffe6ee30000 - 0x00007ffe6eec1000 	E:\sts\spring-tool-suite-4-4.8.1.RELEASE-e4.17.0-win32.win32.x86_64\sts-4.8.1.RELEASE\plugins\org.eclipse.justj.openjdk.hotspot.jre.full.win32.x86_64_15.0.0.v20201014-1246\jre\bin\msvcp140.dll
0x00007ffe19ac0000 - 0x00007ffe1a61c000 	E:\sts\spring-tool-suite-4-4.8.1.RELEASE-e4.17.0-win32.win32.x86_64\sts-4.8.1.RELEASE\plugins\org.eclipse.justj.openjdk.hotspot.jre.full.win32.x86_64_15.0.0.v20201014-1246\jre\bin\server\jvm.dll
0x0000021d72920000 - 0x0000021d72928000 	C:\Windows\System32\PSAPI.DLL
0x00007ffe69a80000 - 0x00007ffe69a8a000 	C:\Windows\SYSTEM32\WSOCK32.dll
0x00007ffe8bbe0000 - 0x00007ffe8bc54000 	C:\Windows\System32\WS2_32.dll
0x00007ffe81970000 - 0x00007ffe819a6000 	C:\Windows\SYSTEM32\WINMM.dll
0x00007ffe89d50000 - 0x00007ffe89d6a000 	C:\Windows\SYSTEM32\kernel.appcore.dll
0x00007ffe858f0000 - 0x00007ffe858fa000 	E:\sts\spring-tool-suite-4-4.8.1.RELEASE-e4.17.0-win32.win32.x86_64\sts-4.8.1.RELEASE\plugins\org.eclipse.justj.openjdk.hotspot.jre.full.win32.x86_64_15.0.0.v20201014-1246\jre\bin\jimage.dll
0x00007ffe88270000 - 0x00007ffe884b1000 	C:\Windows\SYSTEM32\DBGHELP.DLL
0x00007ffe8d830000 - 0x00007ffe8dbb2000 	C:\Windows\System32\combase.dll
0x00007ffe8c650000 - 0x00007ffe8c726000 	C:\Windows\System32\OLEAUT32.dll
0x00007ffe7ad80000 - 0x00007ffe7adb9000 	C:\Windows\SYSTEM32\dbgcore.DLL
0x00007ffe8b090000 - 0x00007ffe8b129000 	C:\Windows\System32\bcryptPrimitives.dll
0x00007ffe08ff0000 - 0x00007ffe0909d000 	C:\Program Files\SentinelOne\Sentinel Agent 24.1.5.277\SentinelJava64.dll
0x00007ffe8d270000 - 0x00007ffe8d2d4000 	C:\Windows\System32\SHLWAPI.dll
0x00007ffe8d420000 - 0x00007ffe8d5b6000 	C:\Windows\System32\ole32.dll
0x00007ffe789d0000 - 0x00007ffe789f5000 	E:\sts\spring-tool-suite-4-4.8.1.RELEASE-e4.17.0-win32.win32.x86_64\sts-4.8.1.RELEASE\plugins\org.eclipse.justj.openjdk.hotspot.jre.full.win32.x86_64_15.0.0.v20201014-1246\jre\bin\java.dll
0x00007ffe85700000 - 0x00007ffe85718000 	E:\sts\spring-tool-suite-4-4.8.1.RELEASE-e4.17.0-win32.win32.x86_64\sts-4.8.1.RELEASE\plugins\org.eclipse.justj.openjdk.hotspot.jre.full.win32.x86_64_15.0.0.v20201014-1246\jre\bin\zip.dll
0x00007ffe8bee0000 - 0x00007ffe8c609000 	C:\Windows\System32\SHELL32.dll
0x00007ffe8b130000 - 0x00007ffe8b298000 	C:\Windows\System32\wintypes.dll
0x00007ffe886a0000 - 0x00007ffe88ef2000 	C:\Windows\SYSTEM32\windows.storage.dll
0x00007ffe8bcd0000 - 0x00007ffe8bdbd000 	C:\Windows\System32\SHCORE.dll
0x00007ffe8ad70000 - 0x00007ffe8ad9f000 	C:\Windows\SYSTEM32\profapi.dll
0x00007ffe7d530000 - 0x00007ffe7d549000 	E:\sts\spring-tool-suite-4-4.8.1.RELEASE-e4.17.0-win32.win32.x86_64\sts-4.8.1.RELEASE\plugins\org.eclipse.justj.openjdk.hotspot.jre.full.win32.x86_64_15.0.0.v20201014-1246\jre\bin\net.dll
0x00007ffe84700000 - 0x00007ffe8481d000 	C:\Windows\SYSTEM32\WINHTTP.dll
0x00007ffe8a250000 - 0x00007ffe8a2ba000 	C:\Windows\system32\mswsock.dll
0x00007ffe7d330000 - 0x00007ffe7d342000 	E:\sts\spring-tool-suite-4-4.8.1.RELEASE-e4.17.0-win32.win32.x86_64\sts-4.8.1.RELEASE\plugins\org.eclipse.justj.openjdk.hotspot.jre.full.win32.x86_64_15.0.0.v20201014-1246\jre\bin\nio.dll
0x00007ffe7d170000 - 0x00007ffe7d179000 	E:\sts\spring-tool-suite-4-4.8.1.RELEASE-e4.17.0-win32.win32.x86_64\sts-4.8.1.RELEASE\plugins\org.eclipse.justj.openjdk.hotspot.jre.full.win32.x86_64_15.0.0.v20201014-1246\jre\bin\management.dll
0x00007ffe7d000000 - 0x00007ffe7d00b000 	E:\sts\spring-tool-suite-4-4.8.1.RELEASE-e4.17.0-win32.win32.x86_64\sts-4.8.1.RELEASE\plugins\org.eclipse.justj.openjdk.hotspot.jre.full.win32.x86_64_15.0.0.v20201014-1246\jre\bin\management_ext.dll
0x00007ffe58a10000 - 0x00007ffe58a28000 	C:\Windows\system32\napinsp.dll
0x00007ffe89760000 - 0x00007ffe89885000 	C:\Windows\SYSTEM32\DNSAPI.dll
0x00007ffe896d0000 - 0x00007ffe89703000 	C:\Windows\SYSTEM32\IPHLPAPI.DLL
0x00007ffe8c9d0000 - 0x00007ffe8c9da000 	C:\Windows\System32\NSI.dll
0x00007ffe58f50000 - 0x00007ffe58f62000 	C:\Windows\System32\winrnr.dll
0x00007ffe58f10000 - 0x00007ffe58f40000 	C:\Windows\system32\nlansp_c.dll
0x00007ffe58ef0000 - 0x00007ffe58f06000 	C:\Windows\system32\wshbth.dll
0x00007ffe83bc0000 - 0x00007ffe83bcb000 	C:\Windows\System32\rasadhlp.dll
0x00007ffe84f40000 - 0x00007ffe84fc5000 	C:\Windows\System32\fwpuclnt.dll
0x00007ffe8a600000 - 0x00007ffe8a61c000 	C:\Windows\SYSTEM32\CRYPTSP.dll
0x00007ffe89cb0000 - 0x00007ffe89cea000 	C:\Windows\system32\rsaenh.dll
0x00007ffe8a2f0000 - 0x00007ffe8a31b000 	C:\Windows\SYSTEM32\USERENV.dll
0x00007ffe8ad40000 - 0x00007ffe8ad66000 	C:\Windows\SYSTEM32\bcrypt.dll
0x00007ffe8a480000 - 0x00007ffe8a48c000 	C:\Windows\SYSTEM32\CRYPTBASE.dll
0x00007ffe84ba0000 - 0x00007ffe84bbf000 	C:\Windows\SYSTEM32\dhcpcsvc6.DLL
0x00007ffe84b70000 - 0x00007ffe84b95000 	C:\Windows\SYSTEM32\dhcpcsvc.DLL
0x00007ffe85730000 - 0x00007ffe85740000 	E:\sts\spring-tool-suite-4-4.8.1.RELEASE-e4.17.0-win32.win32.x86_64\sts-4.8.1.RELEASE\plugins\org.eclipse.justj.openjdk.hotspot.jre.full.win32.x86_64_15.0.0.v20201014-1246\jre\bin\verify.dll
0x00007ffe85720000 - 0x00007ffe8572d000 	E:\sts\spring-tool-suite-4-4.8.1.RELEASE-e4.17.0-win32.win32.x86_64\sts-4.8.1.RELEASE\plugins\org.eclipse.justj.openjdk.hotspot.jre.full.win32.x86_64_15.0.0.v20201014-1246\jre\bin\sunmscapi.dll
0x00007ffe8ae60000 - 0x00007ffe8afd7000 	C:\Windows\System32\CRYPT32.dll
0x00007ffe8a750000 - 0x00007ffe8a780000 	C:\Windows\SYSTEM32\ncrypt.dll
0x00007ffe8a700000 - 0x00007ffe8a73f000 	C:\Windows\SYSTEM32\NTASN1.dll

dbghelp: loaded successfully - version: 4.0.5 - missing functions: none
symbol engine: initialized successfully - sym options: 0x614 - pdb path: .;E:\sts\spring-tool-suite-4-4.8.1.RELEASE-e4.17.0-win32.win32.x86_64\sts-4.8.1.RELEASE\plugins\org.eclipse.justj.openjdk.hotspot.jre.full.win32.x86_64_15.0.0.v20201014-1246\jre\bin;C:\Windows\SYSTEM32;C:\Program Files\SentinelOne\Sentinel Agent 24.1.5.277;C:\Windows\WinSxS\amd64_microsoft.windows.common-controls_6595b64144ccf1df_6.0.26100.3624_none_3e086962e3345f24;E:\sts\spring-tool-suite-4-4.8.1.RELEASE-e4.17.0-win32.win32.x86_64\sts-4.8.1.RELEASE\plugins\org.eclipse.justj.openjdk.hotspot.jre.full.win32.x86_64_15.0.0.v20201014-1246\jre\bin\server

VM Arguments:
jvm_args: -Dcom.sun.management.jmxremote -Dcom.sun.management.jmxremote.port=62418 -Dcom.sun.management.jmxremote.authenticate=false -Dcom.sun.management.jmxremote.ssl=false -Djava.rmi.server.hostname=localhost -Dspring.jmx.enabled=true -Dspring.application.admin.enabled=true -XX:TieredStopAtLevel=1 -Dspring.boot.project.name=form_update-1 -Dfile.encoding=UTF-8 -XX:+ShowCodeDetailsInExceptionMessages -agentpath:C:\Program Files\SentinelOne\Sentinel Agent 24.1.5.277\SentinelJava64.dll=extendedCapabilities 
java_command: com.example.demo.FormUpdate1Application --spring.output.ansi.enabled=always
java_class_path (initial): D:\ganesh\form_update-1\target\classes;C:\Users\Administrator\.m2\repository\org\springframework\boot\spring-boot-starter-data-jpa\2.7.9\spring-boot-starter-data-jpa-2.7.9.jar;C:\Users\Administrator\.m2\repository\org\springframework\boot\spring-boot-starter-aop\2.7.9\spring-boot-starter-aop-2.7.9.jar;C:\Users\Administrator\.m2\repository\org\springframework\spring-aop\5.3.25\spring-aop-5.3.25.jar;C:\Users\Administrator\.m2\repository\org\aspectj\aspectjweaver\1.9.7\aspectjweaver-1.9.7.jar;C:\Users\Administrator\.m2\repository\org\springframework\boot\spring-boot-starter-jdbc\2.7.9\spring-boot-starter-jdbc-2.7.9.jar;C:\Users\Administrator\.m2\repository\com\zaxxer\HikariCP\4.0.3\HikariCP-4.0.3.jar;C:\Users\Administrator\.m2\repository\org\springframework\spring-jdbc\5.3.25\spring-jdbc-5.3.25.jar;C:\Users\Administrator\.m2\repository\jakarta\transaction\jakarta.transaction-api\1.3.3\jakarta.transaction-api-1.3.3.jar;C:\Users\Administrator\.m2\repository\jakarta\persistence\jakarta.persistence-api\2.2.3\jakarta.persistence-api-2.2.3.jar;C:\Users\Administrator\.m2\repository\org\hibernate\hibernate-core\5.6.15.Final\hibernate-core-5.6.15.Final.jar;C:\Users\Administrator\.m2\repository\org\jboss\logging\jboss-logging\3.4.3.Final\jboss-logging-3.4.3.Final.jar;C:\Users\Administrator\.m2\repository\net\bytebuddy\byte-buddy\1.12.23\byte-buddy-1.12.23.jar;C:\Users\Administrator\.m2\repository\antlr\antlr\2.7.7\antlr-2.7.7.jar;C:\Users\Administrator\.m2\repository\org\jboss\jandex\2.4.2.Final\jandex-2.4.2.Final.jar;C:\Users\Administrator\.m2\repository\com\fasterxml\classmate\1.5.1\classmate-1.5.1.jar;C:\Users\Administrator\.m2\repository\org\hibernate\common\hibernate-commons-annotations\5.1.2.Final\hibernate-commons-annotations-5.1.2.Final.jar;C:\Users\Administrator\.m2\repository\org\glassfish\jaxb\jaxb-runtime\2.3.8\jaxb-runtime-2.3.8.jar;C:\Users\Administrator\.m2\repository\org\glassfish\jaxb\txw2\2.3.8\txw2-2.3.8.jar;C:\Users\Administrator\
Launcher Type: SUN_STANDARD

[Global flags]
     intx CICompilerCount                          = 15                                        {product} {ergonomic}
     uint ConcGCThreads                            = 6                                         {product} {ergonomic}
     uint G1ConcRefinementThreads                  = 23                                        {product} {ergonomic}
   size_t G1HeapRegionSize                         = 2097152                                   {product} {ergonomic}
    uintx GCDrainStackTargetSize                   = 64                                        {product} {ergonomic}
   size_t InitialHeapSize                          = 264241152                                 {product} {ergonomic}
     bool ManagementServer                         = true                                      {product} {command line}
   size_t MarkStackSize                            = 4194304                                   {product} {ergonomic}
   size_t MaxHeapSize                              = 4213178368                                {product} {ergonomic}
   size_t MaxNewSize                               = 2527068160                                {product} {ergonomic}
   size_t MinHeapDeltaBytes                        = 2097152                                   {product} {ergonomic}
   size_t MinHeapSize                              = 8388608                                   {product} {ergonomic}
    uintx NonNMethodCodeHeapSize                   = 13893620                               {pd product} {ergonomic}
    uintx NonProfiledCodeHeapSize                  = 237764620                              {pd product} {ergonomic}
    uintx ProfiledCodeHeapSize                     = 0                                      {pd product} {ergonomic}
    uintx ReservedCodeCacheSize                    = 251658240                              {pd product} {ergonomic}
     bool SegmentedCodeCache                       = true                                      {product} {ergonomic}
     bool ShowCodeDetailsInExceptionMessages       = true                                   {manageable} {command line}
   size_t SoftMaxHeapSize                          = 4213178368                             {manageable} {ergonomic}
     intx TieredStopAtLevel                        = 1                                         {product} {command line}
     bool UseCompressedClassPointers               = true                                 {lp64_product} {ergonomic}
     bool UseCompressedOops                        = true                                 {lp64_product} {ergonomic}
     bool UseG1GC                                  = true                                      {product} {ergonomic}
     bool UseLargePagesIndividualAllocation        = false                                  {pd product} {ergonomic}

Logging:
Log output configuration:
 #0: stdout all=warning uptime,level,tags
 #1: stderr all=off uptime,level,tags

Environment Variables:
PATH=E:/sts/spring-tool-suite-4-4.8.1.RELEASE-e4.17.0-win32.win32.x86_64/sts-4.8.1.RELEASE//plugins/org.eclipse.justj.openjdk.hotspot.jre.full.win32.x86_64_15.0.0.v20201014-1246/jre/bin/server;E:/sts/spring-tool-suite-4-4.8.1.RELEASE-e4.17.0-win32.win32.x86_64/sts-4.8.1.RELEASE//plugins/org.eclipse.justj.openjdk.hotspot.jre.full.win32.x86_64_15.0.0.v20201014-1246/jre/bin;C:\Program Files (x86)\Common Files\Oracle\Java\java8path;C:\Program Files (x86)\Common Files\Oracle\Java\javapath;C:\Windows\system32;C:\Windows;C:\Windows\System32\Wbem;C:\Windows\System32\WindowsPowerShell\v1.0\;C:\Windows\System32\OpenSSH\;C:\Program Files\dotnet\;C:\Program Files (x86)\NVIDIA Corporation\PhysX\Common;C:\Program Files\Git\cmd;C:\Program Files\MySQL\MySQL Shell 8.0\bin\;C:\Users\Administrator\AppData\Local\Microsoft\WindowsApps;;E:\sts\spring-tool-suite-4-4.8.1.RELEASE-e4.17.0-win32.win32.x86_64\sts-4.8.1.RELEASE;
USERNAME=Administrator
OS=Windows_NT
PROCESSOR_IDENTIFIER=Intel64 Family 6 Model 183 Stepping 1, GenuineIntel



---------------  S Y S T E M  ---------------

OS:
 Windows 10 , 64 bit Build 26100 (10.0.26100.3775)
OS uptime: 1 days 3:54 hours
HyperV virtualization detected

CPU: total 32 (initial active 32) (16 cores per cpu, 2 threads per core) family 6 model 183 stepping 1, cmov, cx8, fxsr, mmx, sse, sse2, sse3, ssse3, sse4.1, sse4.2, popcnt, vzeroupper, avx, avx2, aes, clmul, erms, 3dnowpref, lzcnt, ht, tsc, tscinvbit, bmi1, bmi2, adx, sha, fma, clflush, clflushopt, clwb

Memory: 4k page, system-wide physical 16070M (2071M free)
TotalPageFile size 33478M (AvailPageFile size 16985M)
current process WorkingSet (physical memory assigned to process): 266M, peak: 268M
current process commit charge ("private bytes"): 326M, peak: 397M

vm_info: OpenJDK 64-Bit Server VM (15+36-1562) for windows-amd64 JRE (15+36-1562), built on Aug 11 2020 22:33:04 by "mach5one" with unknown MS VC++:1925

END.
