#
# A fatal error has been detected by the Java Runtime Environment:
#
#  EXCEPTION_ACCESS_VIOLATION (0xc0000005) at pc=0x000002072a3b0830, pid=7268, tid=3400
#
# JRE version: OpenJDK Runtime Environment (15.0+36) (build 15+36-1562)
# Java VM: OpenJDK 64-Bit Server VM (15+36-1562, mixed mode, tiered, compressed oops, g1 gc, windows-amd64)
# Problematic frame:
# j  javax.servlet.http.HttpServletRequestWrapper._getHttpServletRequest()Ljavax/servlet/http/HttpServletRequest;+1
#
# No core dump will be written. Minidumps are not enabled by default on client versions of Windows
#
# If you would like to submit a bug report, please visit:
#   https://bugreport.java.com/bugreport/crash.jsp
#

---------------  S U M M A R Y ------------

Command Line: -Dcom.sun.management.jmxremote -Dcom.sun.management.jmxremote.port=62190 -Dcom.sun.management.jmxremote.authenticate=false -Dcom.sun.management.jmxremote.ssl=false -Djava.rmi.server.hostname=localhost -Dspring.jmx.enabled=true -Dspring.application.admin.enabled=true -XX:TieredStopAtLevel=1 -Dspring.boot.project.name=form_update-1 -Dfile.encoding=UTF-8 -XX:+ShowCodeDetailsInExceptionMessages -agentpath:C:\Program Files\SentinelOne\Sentinel Agent 24.1.5.277\SentinelJava64.dll=extendedCapabilities com.example.demo.FormUpdate1Application --spring.output.ansi.enabled=always

Host: Intel(R) Core(TM) i9-14900, 32 cores, 15G,  Windows 10 , 64 bit Build 26100 (10.0.26100.3775)
Time: Thu Apr 17 19:12:00 2025 India Standard Time elapsed time: 355.958576 seconds (0d 0h 5m 55s)

---------------  T H R E A D  ---------------

Current thread (0x000002074ca7f3b0):  JavaThread "http-nio-8081-exec-1" daemon [_thread_in_Java, id=3400, stack(0x000000bcf5e00000,0x000000bcf5f00000)]

Stack: [0x000000bcf5e00000,0x000000bcf5f00000],  sp=0x000000bcf5efbea8,  free space=1007k
Native frames: (J=compiled Java code, j=interpreted, Vv=VM code, C=native code)
C  0x000002072a3b0830


siginfo: EXCEPTION_ACCESS_VIOLATION (0xc0000005), reading address 0x00000002438123a8


Register to memory mapping:

RIP=0x000002072a3b0830 is at code_begin+272 in an Interpreter codelet
checkcast  192 checkcast  [0x000002072a3b0720, 0x000002072a3b0980]  608 bytes
RAX=0x00000008004245e0 is a pointer to class: 
javax.servlet.http.HttpServletRequest {0x00000008004245e8}
RBX=0x0 is NULL
RCX=0x000002074e541ef8 is pointing into metadata
RDX=0x00000002438123a0 is an unknown value
RSP=0x000000bcf5efbea8 is pointing into the stack for thread: 0x000002074ca7f3b0
RBP=0x000000bcf5efbef0 is pointing into the stack for thread: 0x000002074ca7f3b0
RSI=0x0000000000000001 is an unknown value
RDI=0x000000bcf5efc3a0 is pointing into the stack for thread: 0x000002074ca7f3b0
R8 =0x000000bcf5efc3b0 is pointing into the stack for thread: 0x000002074ca7f3b0
R9 =0x0000000000000001 is an unknown value
R10=0x00007ffe1a5711c0 jvm.dll
R11=0x000002072bab4ec0 is at entry_point+32 in (nmethod*)0x000002072bab4d10
R12=0x0 is NULL
R13=0x000002074e542184 is pointing into metadata
R14=0x000000bcf5efbf00 is pointing into the stack for thread: 0x000002074ca7f3b0
R15=0x000002074ca7f3b0 is a thread


Registers:
RAX=0x00000008004245e0, RBX=0x0000000000000000, RCX=0x000002074e541ef8, RDX=0x00000002438123a0
RSP=0x000000bcf5efbea8, RBP=0x000000bcf5efbef0, RSI=0x0000000000000001, RDI=0x000000bcf5efc3a0
R8 =0x000000bcf5efc3b0, R9 =0x0000000000000001, R10=0x00007ffe1a5711c0, R11=0x000002072bab4ec0
R12=0x0000000000000000, R13=0x000002074e542184, R14=0x000000bcf5efbf00, R15=0x000002074ca7f3b0
RIP=0x000002072a3b0830, EFLAGS=0x0000000000010246

Top of Stack: (sp=0x000000bcf5efbea8)
0x000000bcf5efbea8:   000000bcf5efbea8 000002074e542181
0x000000bcf5efbeb8:   000000bcf5efbf00 000002074e5441d0
0x000000bcf5efbec8:   0000000000000000 000000070650e548
0x000000bcf5efbed8:   000002074e5421a0 0000000000000000
0x000000bcf5efbee8:   000000bcf5efbf00 000000bcf5efbf50
0x000000bcf5efbef8:   000002072a399ee0 00007ffe1a07c25b
0x000000bcf5efbf08:   000000bcf5efbf08 000002074e542391
0x000000bcf5efbf18:   000000bcf5efbf68 000002074e5441d0
0x000000bcf5efbf28:   000002074ebd4bf0 000000070650e548
0x000000bcf5efbf38:   000002074e5423c0 000000bcf5efbf00
0x000000bcf5efbf48:   000000bcf5efbf60 000000bcf5efc140
0x000000bcf5efbf58:   000002072a390f90 00000007098574d8
0x000000bcf5efbf68:   00007ffe1a07c25b 000000bcf5efbff0
0x000000bcf5efbf78:   000000bcf5efbff0 0000000000000002
0x000000bcf5efbf88:   000002072b8540ec 000000bcf5efbff0
0x000000bcf5efbf98:   000002074ca7f3b0 000000bcf5efbfd0 

Instructions: (pc=0x000002072a3b0830)
0x000002072a3b0730:   49 08 48 8b 49 08 48 8b 51 08 41 0f b7 5d 01 0f
0x000002072a3b0740:   cb c1 eb 10 80 7c 1a 04 07 0f 84 d0 00 00 00 50
0x000002072a3b0750:   e8 05 00 00 00 e9 aa 00 00 00 48 8d 44 24 08 4c
0x000002072a3b0760:   89 6d c0 49 8b cf c5 f8 77 49 89 af 18 03 00 00
0x000002072a3b0770:   49 89 87 08 03 00 00 48 83 ec 20 f7 c4 0f 00 00
0x000002072a3b0780:   00 0f 84 1a 00 00 00 48 83 ec 08 49 ba 00 c1 e0
0x000002072a3b0790:   19 fe 7f 00 00 41 ff d2 48 83 c4 08 e9 0d 00 00
0x000002072a3b07a0:   00 49 ba 00 c1 e0 19 fe 7f 00 00 41 ff d2 48 83
0x000002072a3b07b0:   c4 20 49 ba 00 00 00 00 00 00 00 00 4d 89 97 08
0x000002072a3b07c0:   03 00 00 49 ba 00 00 00 00 00 00 00 00 4d 89 97
0x000002072a3b07d0:   18 03 00 00 49 ba 00 00 00 00 00 00 00 00 4d 89
0x000002072a3b07e0:   97 10 03 00 00 c5 f8 77 49 81 7f 08 00 00 00 00
0x000002072a3b07f0:   0f 84 05 00 00 00 e9 85 06 fe ff 4c 8b 6d c0 4c
0x000002072a3b0800:   8b 75 c8 c3 49 8b 87 68 03 00 00 49 ba 00 00 00
0x000002072a3b0810:   00 00 00 00 00 4d 89 97 68 03 00 00 5a eb 11 48
0x000002072a3b0820:   8b d0 66 8b 5c d9 48 48 8b 49 28 48 8b 44 d9 08
0x000002072a3b0830:   8b 5a 08 49 ba 00 00 00 00 08 00 00 00 49 03 da
0x000002072a3b0840:   48 8b 4d d8 48 85 c9 0f 84 8a 00 00 00 48 8b 79
0x000002072a3b0850:   18 48 3b fb 0f 85 0f 00 00 00 48 83 41 20 01 48
0x000002072a3b0860:   83 59 20 00 e9 66 00 00 00 48 85 ff 0f 84 37 00
0x000002072a3b0870:   00 00 48 8b 79 28 48 3b fb 0f 85 0f 00 00 00 48
0x000002072a3b0880:   83 41 30 01 48 83 59 30 00 e9 41 00 00 00 48 85
0x000002072a3b0890:   ff 0f 85 38 00 00 00 48 89 59 28 bf 01 00 00 00
0x000002072a3b08a0:   48 89 79 30 e9 26 00 00 00 48 3b 59 28 0f 85 0f
0x000002072a3b08b0:   00 00 00 48 83 41 30 01 48 83 59 30 00 e9 0d 00
0x000002072a3b08c0:   00 00 48 89 59 18 bf 01 00 00 00 48 89 79 20 48
0x000002072a3b08d0:   83 c1 38 48 89 4d d8 48 3b d8 0f 84 5b 00 00 00
0x000002072a3b08e0:   8b 48 14 48 3b 04 0b 0f 84 4e 00 00 00 83 f9 20
0x000002072a3b08f0:   0f 85 22 00 00 00 50 48 8b c0 57 48 8b 7b 28 8b
0x000002072a3b0900:   0f 48 83 c7 08 48 85 c0 f2 48 af 5f 58 75 09 48
0x000002072a3b0910:   89 43 20 e9 23 00 00 00 48 8b 4d d8 48 85 c9 0f
0x000002072a3b0920:   84 10 00 00 00 48 83 41 d0 ff 0f 88 05 00 00 00 


Stack slot to memory mapping:
stack at sp + 0 slots: 0x000000bcf5efbea8 is pointing into the stack for thread: 0x000002074ca7f3b0
stack at sp + 1 slots: 0x000002074e542181 is pointing into metadata
stack at sp + 2 slots: 0x000000bcf5efbf00 is pointing into the stack for thread: 0x000002074ca7f3b0
stack at sp + 3 slots: 0x000002074e5441d0 is pointing into metadata
stack at sp + 4 slots: 0x0 is NULL
stack at sp + 5 slots: 0x000000070650e548 is an oop: java.lang.Class 
{0x000000070650e548} - klass: 'java/lang/Class'
stack at sp + 6 slots: {method} {0x000002074e5421a8} '_getHttpServletRequest' '()Ljavax/servlet/http/HttpServletRequest;' in 'javax/servlet/http/HttpServletRequestWrapper'
stack at sp + 7 slots: 0x0 is NULL

checkcast  192 checkcast  [0x000002072a3b0720, 0x000002072a3b0980]  608 bytes
[MachCode]
  0x000002072a3b0720: 5848 85c0 | 0f84 1902 | 0000 488b | 4de8 488b | 4908 488b | 4908 488b | 5108 410f | b75d 010f 
  0x000002072a3b0740: cbc1 eb10 | 807c 1a04 | 070f 84d0 | 0000 0050 | e805 0000 | 00e9 aa00 | 0000 488d | 4424 084c 
  0x000002072a3b0760: 896d c049 | 8bcf c5f8 | 7749 89af | 1803 0000 | 4989 8708 | 0300 0048 | 83ec 20f7 | c40f 0000 
  0x000002072a3b0780: 000f 841a | 0000 0048 | 83ec 0849 | ba00 c1e0 | 19fe 7f00 | 0041 ffd2 | 4883 c408 | e90d 0000 
  0x000002072a3b07a0: 0049 ba00 | c1e0 19fe | 7f00 0041 | ffd2 4883 | c420 49ba | 0000 0000 | 0000 0000 | 4d89 9708 
  0x000002072a3b07c0: 0300 0049 | ba00 0000 | 0000 0000 | 004d 8997 | 1803 0000 | 49ba 0000 | 0000 0000 | 0000 4d89 
  0x000002072a3b07e0: 9710 0300 | 00c5 f877 | 4981 7f08 | 0000 0000 | 0f84 0500 | 0000 e985 | 06fe ff4c | 8b6d c04c 
  0x000002072a3b0800: 8b75 c8c3 | 498b 8768 | 0300 0049 | ba00 0000 | 0000 0000 | 004d 8997 | 6803 0000 | 5aeb 1148 
  0x000002072a3b0820: 8bd0 668b | 5cd9 4848 | 8b49 2848 | 8b44 d908 | 8b5a 0849 | ba00 0000 | 0008 0000 | 0049 03da 
  0x000002072a3b0840: 488b 4dd8 | 4885 c90f | 848a 0000 | 0048 8b79 | 1848 3bfb | 0f85 0f00 | 0000 4883 | 4120 0148 
  0x000002072a3b0860: 8359 2000 | e966 0000 | 0048 85ff | 0f84 3700 | 0000 488b | 7928 483b | fb0f 850f | 0000 0048 
  0x000002072a3b0880: 8341 3001 | 4883 5930 | 00e9 4100 | 0000 4885 | ff0f 8538 | 0000 0048 | 8959 28bf | 0100 0000 
  0x000002072a3b08a0: 4889 7930 | e926 0000 | 0048 3b59 | 280f 850f | 0000 0048 | 8341 3001 | 4883 5930 | 00e9 0d00 
  0x000002072a3b08c0: 0000 4889 | 5918 bf01 | 0000 0048 | 8979 2048 | 83c1 3848 | 894d d848 | 3bd8 0f84 | 5b00 0000 
  0x000002072a3b08e0: 8b48 1448 | 3b04 0b0f | 844e 0000 | 0083 f920 | 0f85 2200 | 0000 5048 | 8bc0 5748 | 8b7b 288b 
  0x000002072a3b0900: 0f48 83c7 | 0848 85c0 | f248 af5f | 5875 0948 | 8943 20e9 | 2300 0000 | 488b 4dd8 | 4885 c90f 
  0x000002072a3b0920: 8410 0000 | 0048 8341 | d0ff 0f88 | 0500 0000 | 4883 41d0 | 0152 e962 | d1fe ff48 | 8bc2 e919 
  0x000002072a3b0940: 0000 0048 | 8b4d d848 | 85c9 0f84 | 0c00 0000 | 8049 0101 | 4883 c138 | 4889 4dd8 | 410f b65d 
  0x000002072a3b0960: 0349 83c5 | 0349 bac0 | 1157 1afe | 7f00 0041 | ff24 da0f | 1f44 0000 | 0000 0000 | 0000 0000 
[/MachCode]

---------------  P R O C E S S  ---------------

Threads class SMR info:
_java_thread_list=0x000002074a382cb0, length=39, elements={
0x000002074884b150, 0x00000207488299b0, 0x000002074887c540, 0x000002074887db50,
0x000002074888a610, 0x0000020748870140, 0x00000207488737a0, 0x00000207446375d0,
0x0000020748a4ef40, 0x00000207490432d0, 0x000002074908aaf0, 0x00000207490c9d80,
0x0000020749addc70, 0x0000020749ade140, 0x0000020749ae07c0, 0x0000020749ae1160,
0x000002074ca81a30, 0x000002074ca83be0, 0x000002074ca81090, 0x000002074ca7fd50,
0x000002074ca7eee0, 0x000002074ca82d70, 0x000002074ca7f880, 0x000002074ca7f3b0,
0x000002074ca83240, 0x000002074ca806f0, 0x000002074ca81560, 0x000002074ca80220,
0x000002074ca83710, 0x000002074ca840b0, 0x000002074ca84580, 0x000002074ca80bc0,
0x000002074ca853f0, 0x000002074ca84f20, 0x000002074ca858c0, 0x000002074ca84a50,
0x0000020749adc460, 0x0000020749adce00, 0x0000020749add7a0
}

Java Threads: ( => current thread )
  0x000002074884b150 JavaThread "Reference Handler" daemon [_thread_blocked, id=13160, stack(0x000000bcf3700000,0x000000bcf3800000)]
  0x00000207488299b0 JavaThread "Finalizer" daemon [_thread_blocked, id=28792, stack(0x000000bcf3800000,0x000000bcf3900000)]
  0x000002074887c540 JavaThread "Signal Dispatcher" daemon [_thread_blocked, id=19308, stack(0x000000bcf3900000,0x000000bcf3a00000)]
  0x000002074887db50 JavaThread "Attach Listener" daemon [_thread_blocked, id=17856, stack(0x000000bcf3a00000,0x000000bcf3b00000)]
  0x000002074888a610 JavaThread "Service Thread" daemon [_thread_blocked, id=13420, stack(0x000000bcf3b00000,0x000000bcf3c00000)]
  0x0000020748870140 JavaThread "C1 CompilerThread0" daemon [_thread_blocked, id=5032, stack(0x000000bcf3c00000,0x000000bcf3d00000)]
  0x00000207488737a0 JavaThread "Sweeper thread" daemon [_thread_blocked, id=1776, stack(0x000000bcf3d00000,0x000000bcf3e00000)]
  0x00000207446375d0 JavaThread "Common-Cleaner" daemon [_thread_blocked, id=17304, stack(0x000000bcf3e00000,0x000000bcf3f00000)]
  0x0000020748a4ef40 JavaThread "Notification Thread" daemon [_thread_blocked, id=11544, stack(0x000000bcf3f00000,0x000000bcf4000000)]
  0x00000207490432d0 JavaThread "RMI TCP Accept-0" daemon [_thread_in_native, id=29936, stack(0x000000bcf4000000,0x000000bcf4100000)]
  0x000002074908aaf0 JavaThread "RMI TCP Accept-62190" daemon [_thread_in_native, id=3804, stack(0x000000bcf4100000,0x000000bcf4200000)]
  0x00000207490c9d80 JavaThread "RMI TCP Accept-0" daemon [_thread_in_native, id=33408, stack(0x000000bcf4200000,0x000000bcf4300000)]
  0x0000020749addc70 JavaThread "RMI Scheduler(0)" daemon [_thread_blocked, id=28208, stack(0x000000bcf4c00000,0x000000bcf4d00000)]
  0x0000020749ade140 JavaThread "JMX server connection timeout 35" daemon [_thread_blocked, id=31988, stack(0x000000bcf4e00000,0x000000bcf4f00000)]
  0x0000020749ae07c0 JavaThread "mysql-cj-abandoned-connection-cleanup" daemon [_thread_blocked, id=4852, stack(0x000000bcf5900000,0x000000bcf5a00000)]
  0x0000020749ae1160 JavaThread "Live Reload Server" daemon [_thread_in_native, id=18240, stack(0x000000bcf6200000,0x000000bcf6300000)]
  0x000002074ca81a30 JavaThread "DestroyJavaVM" [_thread_blocked, id=27832, stack(0x000000bcf3000000,0x000000bcf3100000)]
  0x000002074ca83be0 JavaThread "RMI TCP Connection(14)-127.0.0.1" daemon [_thread_in_native, id=30820, stack(0x000000bcf7500000,0x000000bcf7600000)]
  0x000002074ca81090 JavaThread "Catalina-utility-1" [_thread_blocked, id=33112, stack(0x000000bcf4b00000,0x000000bcf4c00000)]
  0x000002074ca7fd50 JavaThread "Catalina-utility-2" [_thread_blocked, id=15784, stack(0x000000bcf4d00000,0x000000bcf4e00000)]
  0x000002074ca7eee0 JavaThread "container-0" [_thread_blocked, id=6600, stack(0x000000bcf4f00000,0x000000bcf5000000)]
  0x000002074ca82d70 JavaThread "HikariPool-2 housekeeper" daemon [_thread_blocked, id=32552, stack(0x000000bcf5700000,0x000000bcf5800000)]
  0x000002074ca7f880 JavaThread "File Watcher" daemon [_thread_blocked, id=7936, stack(0x000000bcf5800000,0x000000bcf5900000)]
=>0x000002074ca7f3b0 JavaThread "http-nio-8081-exec-1" daemon [_thread_in_Java, id=3400, stack(0x000000bcf5e00000,0x000000bcf5f00000)]
  0x000002074ca83240 JavaThread "http-nio-8081-exec-2" daemon [_thread_blocked, id=29676, stack(0x000000bcf5f00000,0x000000bcf6000000)]
  0x000002074ca806f0 JavaThread "http-nio-8081-exec-3" daemon [_thread_blocked, id=20424, stack(0x000000bcf6000000,0x000000bcf6100000)]
  0x000002074ca81560 JavaThread "http-nio-8081-exec-4" daemon [_thread_blocked, id=33396, stack(0x000000bcf6100000,0x000000bcf6200000)]
  0x000002074ca80220 JavaThread "http-nio-8081-exec-5" daemon [_thread_blocked, id=28704, stack(0x000000bcf6300000,0x000000bcf6400000)]
  0x000002074ca83710 JavaThread "http-nio-8081-exec-6" daemon [_thread_blocked, id=31912, stack(0x000000bcf6400000,0x000000bcf6500000)]
  0x000002074ca840b0 JavaThread "http-nio-8081-exec-7" daemon [_thread_blocked, id=30552, stack(0x000000bcf6500000,0x000000bcf6600000)]
  0x000002074ca84580 JavaThread "http-nio-8081-exec-8" daemon [_thread_blocked, id=6480, stack(0x000000bcf6600000,0x000000bcf6700000)]
  0x000002074ca80bc0 JavaThread "http-nio-8081-exec-9" daemon [_thread_blocked, id=23516, stack(0x000000bcf6700000,0x000000bcf6800000)]
  0x000002074ca853f0 JavaThread "http-nio-8081-exec-10" daemon [_thread_blocked, id=32304, stack(0x000000bcf6800000,0x000000bcf6900000)]
  0x000002074ca84f20 JavaThread "http-nio-8081-Poller" daemon [_thread_in_native, id=728, stack(0x000000bcf6900000,0x000000bcf6a00000)]
  0x000002074ca858c0 JavaThread "http-nio-8081-Acceptor" daemon [_thread_in_native, id=24848, stack(0x000000bcf6a00000,0x000000bcf6b00000)]
  0x000002074ca84a50 JavaThread "RMI TCP Connection(15)-127.0.0.1" daemon [_thread_in_native, id=26280, stack(0x000000bcf6b00000,0x000000bcf6c00000)]
  0x0000020749adc460 JavaThread "RMI TCP Connection(16)-127.0.0.1" daemon [_thread_in_native, id=19540, stack(0x000000bcf6c00000,0x000000bcf6d00000)]
  0x0000020749adce00 JavaThread "RMI TCP Connection(17)-127.0.0.1" daemon [_thread_in_native, id=552, stack(0x000000bcf6e00000,0x000000bcf6f00000)]
  0x0000020749add7a0 JavaThread "HikariPool-2 connection adder" daemon [_thread_blocked, id=22448, stack(0x000000bcf6d00000,0x000000bcf6e00000)]

Other Threads:
  0x000002074467e880 VMThread "VM Thread" [stack: 0x000000bcf3600000,0x000000bcf3700000] [id=31196]
  0x000002074908daa0 WatcherThread [stack: 0x000000bcf4300000,0x000000bcf4400000] [id=33704]
  0x00000207269b5520 GCTaskThread "GC Thread#0" [stack: 0x000000bcf3100000,0x000000bcf3200000] [id=29760]
  0x0000020748a45900 GCTaskThread "GC Thread#1" [stack: 0x000000bcf4400000,0x000000bcf4500000] [id=32320]
  0x000002074988da30 GCTaskThread "GC Thread#2" [stack: 0x000000bcf4500000,0x000000bcf4600000] [id=27800]
  0x000002074988c710 GCTaskThread "GC Thread#3" [stack: 0x000000bcf4600000,0x000000bcf4700000] [id=17796]
  0x000002074988dd60 GCTaskThread "GC Thread#4" [stack: 0x000000bcf4700000,0x000000bcf4800000] [id=22708]
  0x000002074988ed50 GCTaskThread "GC Thread#5" [stack: 0x000000bcf4800000,0x000000bcf4900000] [id=33016]
  0x000002074988f080 GCTaskThread "GC Thread#6" [stack: 0x000000bcf5000000,0x000000bcf5100000] [id=10632]
  0x000002074988e3c0 GCTaskThread "GC Thread#7" [stack: 0x000000bcf5100000,0x000000bcf5200000] [id=19884]
  0x000002074a1bdba0 GCTaskThread "GC Thread#8" [stack: 0x000000bcf5a00000,0x000000bcf5b00000] [id=31460]
  0x000002074a1be860 GCTaskThread "GC Thread#9" [stack: 0x000000bcf5b00000,0x000000bcf5c00000] [id=29600]
  0x000002074a1bded0 GCTaskThread "GC Thread#10" [stack: 0x000000bcf5c00000,0x000000bcf5d00000] [id=14544]
  0x000002074a1bb890 GCTaskThread "GC Thread#11" [stack: 0x000000bcf5d00000,0x000000bcf5e00000] [id=8272]
  0x00000207269c7e20 ConcurrentGCThread "G1 Main Marker" [stack: 0x000000bcf3200000,0x000000bcf3300000] [id=27544]
  0x00000207269ca780 ConcurrentGCThread "G1 Conc#0" [stack: 0x000000bcf3300000,0x000000bcf3400000] [id=31548]
  0x000002074988e090 ConcurrentGCThread "G1 Conc#1" [stack: 0x000000bcf5200000,0x000000bcf5300000] [id=30160]
  0x000002074988e6f0 ConcurrentGCThread "G1 Conc#2" [stack: 0x000000bcf5300000,0x000000bcf5400000] [id=17604]
  0x000002074988f3b0 ConcurrentGCThread "G1 Conc#3" [stack: 0x000000bcf5400000,0x000000bcf5500000] [id=7344]
  0x000002074988c3e0 ConcurrentGCThread "G1 Conc#4" [stack: 0x000000bcf5500000,0x000000bcf5600000] [id=30540]
  0x000002074988ea20 ConcurrentGCThread "G1 Conc#5" [stack: 0x000000bcf5600000,0x000000bcf5700000] [id=28504]
  0x00000207445a24e0 ConcurrentGCThread "G1 Refine#0" [stack: 0x000000bcf3400000,0x000000bcf3500000] [id=23024]
  0x00000207445a3c40 ConcurrentGCThread "G1 Young RemSet Sampling" [stack: 0x000000bcf3500000,0x000000bcf3600000] [id=10056]

Threads with active compile tasks:

VM state: not at safepoint (normal execution)

VM Mutex/Monitor currently owned by a thread: None

Heap address: 0x0000000704e00000, size: 4018 MB, Compressed Oops mode: Zero based, Oop shift amount: 3
CDS disabled.
Compressed class space mapped at: 0x0000000800000000-0x0000000840000000, size: 1073741824
Narrow klass base: 0x0000000800000000, Narrow klass shift: 0, Narrow klass range: 0x40000000

GC Precious Log:
 CPUs: 32 total, 32 available
 Memory: 16070M
 Large Page Support: Disabled
 NUMA Support: Disabled
 Compressed Oops: Enabled (Zero based)
 Heap Region Size: 2M
 Heap Min Capacity: 8M
 Heap Initial Capacity: 252M
 Heap Max Capacity: 4018M
 Pre-touch: Disabled
 Parallel Workers: 23
 Concurrent Workers: 6
 Concurrent Refinement Workers: 23
 Periodic GC: Disabled

Heap:
 garbage-first heap   total 96256K, used 56196K [0x0000000704e00000, 0x0000000800000000)
  region size 2048K, 17 young (34816K), 2 survivors (4096K)
 Metaspace       used 73489K, capacity 74365K, committed 74496K, reserved 1114112K
  class space    used 9157K, capacity 9415K, committed 9472K, reserved 1048576K

Heap Regions: E=young(eden), S=young(survivor), O=old, HS=humongous(starts), HC=humongous(continues), CS=collection set, F=free, OA=open archive, CA=closed archive, TAMS=top-at-mark-start (previous, next)
|   0|0x0000000704e00000, 0x0000000705000000, 0x0000000705000000|100%| O|  |TAMS 0x0000000704e00000, 0x0000000704e00000| Untracked 
|   1|0x0000000705000000, 0x00000007051ffff0, 0x0000000705200000| 99%| O|  |TAMS 0x0000000705000000, 0x0000000705000000| Untracked 
|   2|0x0000000705200000, 0x0000000705400000, 0x0000000705400000|100%| O|  |TAMS 0x0000000705200000, 0x0000000705200000| Untracked 
|   3|0x0000000705400000, 0x00000007055fffb8, 0x0000000705600000| 99%| O|  |TAMS 0x0000000705400000, 0x0000000705400000| Untracked 
|   4|0x0000000705600000, 0x00000007057ffff0, 0x0000000705800000| 99%| O|  |TAMS 0x0000000705600000, 0x0000000705600000| Untracked 
|   5|0x0000000705800000, 0x0000000705a00000, 0x0000000705a00000|100%| O|  |TAMS 0x0000000705800000, 0x0000000705800000| Untracked 
|   6|0x0000000705a00000, 0x0000000705bffff0, 0x0000000705c00000| 99%| O|  |TAMS 0x0000000705a00000, 0x0000000705a00000| Untracked 
|   7|0x0000000705c00000, 0x0000000705dfffc0, 0x0000000705e00000| 99%| O|  |TAMS 0x0000000705c00000, 0x0000000705c00000| Untracked 
|   8|0x0000000705e00000, 0x0000000706000000, 0x0000000706000000|100%| O|  |TAMS 0x0000000705e00000, 0x0000000705e00000| Untracked 
|   9|0x0000000706000000, 0x00000007061d1e50, 0x0000000706200000| 90%| O|  |TAMS 0x0000000706000000, 0x0000000706000000| Untracked 
|  10|0x0000000706200000, 0x0000000706200000, 0x0000000706400000|  0%| F|  |TAMS 0x0000000706200000, 0x0000000706200000| Untracked 
|  11|0x0000000706400000, 0x00000007065ffff0, 0x0000000706600000| 99%| O|  |TAMS 0x0000000706400000, 0x0000000706400000| Untracked 
|  12|0x0000000706600000, 0x000000070675bf20, 0x0000000706800000| 67%| O|  |TAMS 0x0000000706600000, 0x0000000706600000| Untracked 
|  13|0x0000000706800000, 0x0000000706800000, 0x0000000706a00000|  0%| F|  |TAMS 0x0000000706800000, 0x0000000706800000| Untracked 
|  14|0x0000000706a00000, 0x0000000706a00000, 0x0000000706c00000|  0%| F|  |TAMS 0x0000000706a00000, 0x0000000706a00000| Untracked 
|  15|0x0000000706c00000, 0x0000000706d57940, 0x0000000706e00000| 67%| O|  |TAMS 0x0000000706c00000, 0x0000000706c00000| Untracked 
|  16|0x0000000706e00000, 0x0000000706e00000, 0x0000000707000000|  0%| F|  |TAMS 0x0000000706e00000, 0x0000000706e00000| Untracked 
|  17|0x0000000707000000, 0x0000000707000000, 0x0000000707200000|  0%| F|  |TAMS 0x0000000707000000, 0x0000000707000000| Untracked 
|  18|0x0000000707200000, 0x0000000707200000, 0x0000000707400000|  0%| F|  |TAMS 0x0000000707200000, 0x0000000707200000| Untracked 
|  19|0x0000000707400000, 0x0000000707400000, 0x0000000707600000|  0%| F|  |TAMS 0x0000000707400000, 0x0000000707400000| Untracked 
|  20|0x0000000707600000, 0x0000000707600000, 0x0000000707800000|  0%| F|  |TAMS 0x0000000707600000, 0x0000000707600000| Untracked 
|  21|0x0000000707800000, 0x0000000707800000, 0x0000000707a00000|  0%| F|  |TAMS 0x0000000707800000, 0x0000000707800000| Untracked 
|  22|0x0000000707a00000, 0x0000000707afc318, 0x0000000707c00000| 49%| O|  |TAMS 0x0000000707a00000, 0x0000000707a00000| Untracked 
|  23|0x0000000707c00000, 0x0000000707d5f960, 0x0000000707e00000| 68%| S|CS|TAMS 0x0000000707c00000, 0x0000000707c00000| Complete 
|  24|0x0000000707e00000, 0x0000000708000000, 0x0000000708000000|100%| S|CS|TAMS 0x0000000707e00000, 0x0000000707e00000| Complete 
|  25|0x0000000708000000, 0x0000000708000000, 0x0000000708200000|  0%| F|  |TAMS 0x0000000708000000, 0x0000000708000000| Untracked 
|  26|0x0000000708200000, 0x0000000708200000, 0x0000000708400000|  0%| F|  |TAMS 0x0000000708200000, 0x0000000708200000| Untracked 
|  27|0x0000000708400000, 0x0000000708400000, 0x0000000708600000|  0%| F|  |TAMS 0x0000000708400000, 0x0000000708400000| Untracked 
|  28|0x0000000708600000, 0x0000000708600000, 0x0000000708800000|  0%| F|  |TAMS 0x0000000708600000, 0x0000000708600000| Untracked 
|  29|0x0000000708800000, 0x0000000708800000, 0x0000000708a00000|  0%| F|  |TAMS 0x0000000708800000, 0x0000000708800000| Untracked 
|  30|0x0000000708a00000, 0x0000000708a00000, 0x0000000708c00000|  0%| F|  |TAMS 0x0000000708a00000, 0x0000000708a00000| Untracked 
|  31|0x0000000708c00000, 0x0000000708c00000, 0x0000000708e00000|  0%| F|  |TAMS 0x0000000708c00000, 0x0000000708c00000| Untracked 
|  32|0x0000000708e00000, 0x0000000708f83138, 0x0000000709000000| 75%| E|  |TAMS 0x0000000708e00000, 0x0000000708e00000| Complete 
|  33|0x0000000709000000, 0x0000000709200000, 0x0000000709200000|100%| E|CS|TAMS 0x0000000709000000, 0x0000000709000000| Complete 
|  34|0x0000000709200000, 0x0000000709400000, 0x0000000709400000|100%| E|  |TAMS 0x0000000709200000, 0x0000000709200000| Complete 
|  35|0x0000000709400000, 0x0000000709600000, 0x0000000709600000|100%| E|CS|TAMS 0x0000000709400000, 0x0000000709400000| Complete 
|  36|0x0000000709600000, 0x0000000709800000, 0x0000000709800000|100%| E|CS|TAMS 0x0000000709600000, 0x0000000709600000| Complete 
|  37|0x0000000709800000, 0x0000000709a00000, 0x0000000709a00000|100%| E|CS|TAMS 0x0000000709800000, 0x0000000709800000| Complete 
|  38|0x0000000709a00000, 0x0000000709c00000, 0x0000000709c00000|100%| E|CS|TAMS 0x0000000709a00000, 0x0000000709a00000| Complete 
|  39|0x0000000709c00000, 0x0000000709e00000, 0x0000000709e00000|100%| E|CS|TAMS 0x0000000709c00000, 0x0000000709c00000| Complete 
|  40|0x0000000709e00000, 0x000000070a000000, 0x000000070a000000|100%| E|CS|TAMS 0x0000000709e00000, 0x0000000709e00000| Complete 
|  41|0x000000070a000000, 0x000000070a200000, 0x000000070a200000|100%| E|CS|TAMS 0x000000070a000000, 0x000000070a000000| Complete 
|  42|0x000000070a200000, 0x000000070a400000, 0x000000070a400000|100%| E|CS|TAMS 0x000000070a200000, 0x000000070a200000| Complete 
|  43|0x000000070a400000, 0x000000070a600000, 0x000000070a600000|100%| E|CS|TAMS 0x000000070a400000, 0x000000070a400000| Complete 
|  44|0x000000070a600000, 0x000000070a800000, 0x000000070a800000|100%| E|CS|TAMS 0x000000070a600000, 0x000000070a600000| Complete 
|  45|0x000000070a800000, 0x000000070aa00000, 0x000000070aa00000|100%| E|CS|TAMS 0x000000070a800000, 0x000000070a800000| Complete 
|  46|0x000000070aa00000, 0x000000070ac00000, 0x000000070ac00000|100%| E|CS|TAMS 0x000000070aa00000, 0x000000070aa00000| Complete 

Card table byte_map: [0x000002073b5e0000,0x000002073bdc0000] _byte_map_base: 0x0000020737db9000

Marking Bits (Prev, Next): (CMBitMap*) 0x00000207269b6ab0, (CMBitMap*) 0x00000207269b6a70
 Prev Bits: [0x0000020740470000, 0x0000020744338000)
 Next Bits: [0x000002073c5a0000, 0x0000020740468000)

Polling page: 0x0000020724930000

Metaspace:

Usage:
  Non-class:     63.43 MB capacity,    62.82 MB (>99%) used,   522.69 KB ( <1%) free+waste,    95.81 KB ( <1%) overhead. 
      Class:      9.19 MB capacity,     8.94 MB ( 97%) used,   221.22 KB (  2%) free+waste,    36.00 KB ( <1%) overhead. 
       Both:     72.62 MB capacity,    71.77 MB ( 99%) used,   743.91 KB (  1%) free+waste,   131.81 KB ( <1%) overhead. 

Virtual space:
  Non-class space:       64.00 MB reserved,      63.50 MB (>99%) committed 
      Class space:        1.00 GB reserved,       9.25 MB ( <1%) committed 
             Both:        1.06 GB reserved,      72.75 MB (  7%) committed 

Chunk freelists:
   Non-Class:  10.00 KB
       Class:  25.00 KB
        Both:  35.00 KB

MaxMetaspaceSize: 17179869184.00 GB
CompressedClassSpaceSize: 1.00 GB

CodeHeap 'non-profiled nmethods': size=232192Kb used=12925Kb max_used=12925Kb free=219266Kb
 bounds [0x000002072b0d0000, 0x000002072bd70000, 0x0000020739390000]
CodeHeap 'non-nmethods': size=13568Kb used=1338Kb max_used=1338Kb free=12229Kb
 bounds [0x000002072a390000, 0x000002072a600000, 0x000002072b0d0000]
 total_blobs=7788 nmethods=7149 adapters=565
 compilation: enabled
              stopped_count=0, restarted_count=0
 full_count=0

Compilation events (20 events):
Event: 355.914 Thread 0x0000020748870140 7102       1       org.eclipse.jdt.internal.compiler.classfmt.ClassFileReader::getInterfaceNames (5 bytes)
Event: 355.914 Thread 0x0000020748870140 nmethod 7102 0x000002072bd6bb10 code [0x000002072bd6bca0, 0x000002072bd6bd58]
Event: 355.914 Thread 0x0000020748870140 7131       1       org.eclipse.jdt.internal.compiler.ASTVisitor::visit (2 bytes)
Event: 355.914 Thread 0x0000020748870140 nmethod 7131 0x000002072bd6be10 code [0x000002072bd6bfa0, 0x000002072bd6c058]
Event: 355.914 Thread 0x0000020748870140 7142       1       java.lang.String::<init> (10 bytes)
Event: 355.914 Thread 0x0000020748870140 nmethod 7142 0x000002072bd6c110 code [0x000002072bd6c2a0, 0x000002072bd6c3a8]
Event: 355.917 Thread 0x0000020748870140 7143   !   1       org.springframework.web.servlet.tags.form.TagWriter$SafeWriter::append (25 bytes)
Event: 355.918 Thread 0x0000020748870140 nmethod 7143 0x000002072bd6c490 code [0x000002072bd6c660, 0x000002072bd6c888]
Event: 355.918 Thread 0x0000020748870140 7144       1       org.springframework.web.servlet.tags.form.TagWriter$SafeWriter::getWriterToUse (38 bytes)
Event: 355.918 Thread 0x0000020748870140 nmethod 7144 0x000002072bd6ca90 code [0x000002072bd6cc40, 0x000002072bd6ce18]
Event: 355.920 Thread 0x0000020748870140 7145       1       org.springframework.web.servlet.tags.form.AbstractFormTag::writeOptionalAttribute (20 bytes)
Event: 355.921 Thread 0x0000020748870140 nmethod 7145 0x000002072bd6cf10 code [0x000002072bd6d100, 0x000002072bd6d4a8]
Event: 355.924 Thread 0x0000020748870140 7146       1       org.springframework.beans.CachedIntrospectionResults::getPropertyDescriptor (65 bytes)
Event: 355.924 Thread 0x0000020748870140 nmethod 7146 0x000002072bd6d810 code [0x000002072bd6d9e0, 0x000002072bd6dcc8]
Event: 355.924 Thread 0x0000020748870140 7147       1       org.springframework.beans.BeanWrapperImpl::getCachedIntrospectionResults (23 bytes)
Event: 355.924 Thread 0x0000020748870140 nmethod 7147 0x000002072bd6de90 code [0x000002072bd6e040, 0x000002072bd6e298]
Event: 355.924 Thread 0x0000020748870140 7148       1       org.springframework.web.util.HtmlUtils::htmlEscape (87 bytes)
Event: 355.925 Thread 0x0000020748870140 nmethod 7148 0x000002072bd6e410 code [0x000002072bd6e640, 0x000002072bd6ed58]
Event: 355.925 Thread 0x0000020748870140 7149       1       org.springframework.validation.AbstractErrors::getNestedPath (5 bytes)
Event: 355.925 Thread 0x0000020748870140 nmethod 7149 0x000002072bd6f290 code [0x000002072bd6f420, 0x000002072bd6f4d8]

GC Heap History (20 events):
Event: 1.225 GC heap before
{Heap before GC invocations=10 (full 0):
 garbage-first heap   total 81920K, used 55751K [0x0000000704e00000, 0x0000000800000000)
  region size 2048K, 24 young (49152K), 4 survivors (8192K)
 Metaspace       used 37181K, capacity 37614K, committed 37760K, reserved 1083392K
  class space    used 4487K, capacity 4627K, committed 4736K, reserved 1048576K
}
Event: 1.227 GC heap after
{Heap after GC invocations=11 (full 0):
 garbage-first heap   total 98304K, used 16729K [0x0000000704e00000, 0x0000000800000000)
  region size 2048K, 1 young (2048K), 1 survivors (2048K)
 Metaspace       used 37181K, capacity 37614K, committed 37760K, reserved 1083392K
  class space    used 4487K, capacity 4627K, committed 4736K, reserved 1048576K
}
Event: 1.504 GC heap before
{Heap before GC invocations=11 (full 0):
 garbage-first heap   total 98304K, used 69977K [0x0000000704e00000, 0x0000000800000000)
  region size 2048K, 28 young (57344K), 1 survivors (2048K)
 Metaspace       used 43576K, capacity 44109K, committed 44160K, reserved 1087488K
  class space    used 5336K, capacity 5490K, committed 5504K, reserved 1048576K
}
Event: 1.507 GC heap after
{Heap after GC invocations=12 (full 0):
 garbage-first heap   total 98304K, used 18532K [0x0000000704e00000, 0x0000000800000000)
  region size 2048K, 2 young (4096K), 2 survivors (4096K)
 Metaspace       used 43576K, capacity 44109K, committed 44160K, reserved 1087488K
  class space    used 5336K, capacity 5490K, committed 5504K, reserved 1048576K
}
Event: 1.753 GC heap before
{Heap before GC invocations=12 (full 0):
 garbage-first heap   total 98304K, used 71780K [0x0000000704e00000, 0x0000000800000000)
  region size 2048K, 28 young (57344K), 2 survivors (4096K)
 Metaspace       used 51741K, capacity 52284K, committed 52480K, reserved 1095680K
  class space    used 6446K, capacity 6614K, committed 6656K, reserved 1048576K
}
Event: 1.757 GC heap after
{Heap after GC invocations=13 (full 0):
 garbage-first heap   total 98304K, used 21486K [0x0000000704e00000, 0x0000000800000000)
  region size 2048K, 4 young (8192K), 4 survivors (8192K)
 Metaspace       used 51741K, capacity 52284K, committed 52480K, reserved 1095680K
  class space    used 6446K, capacity 6614K, committed 6656K, reserved 1048576K
}
Event: 2.000 GC heap before
{Heap before GC invocations=13 (full 0):
 garbage-first heap   total 98304K, used 70638K [0x0000000704e00000, 0x0000000800000000)
  region size 2048K, 28 young (57344K), 4 survivors (8192K)
 Metaspace       used 57947K, capacity 58569K, committed 58880K, reserved 1099776K
  class space    used 7383K, capacity 7592K, committed 7680K, reserved 1048576K
}
Event: 2.003 GC heap after
{Heap after GC invocations=14 (full 0):
 garbage-first heap   total 98304K, used 24203K [0x0000000704e00000, 0x0000000800000000)
  region size 2048K, 3 young (6144K), 3 survivors (6144K)
 Metaspace       used 57947K, capacity 58569K, committed 58880K, reserved 1099776K
  class space    used 7383K, capacity 7592K, committed 7680K, reserved 1048576K
}
Event: 2.055 GC heap before
{Heap before GC invocations=14 (full 0):
 garbage-first heap   total 98304K, used 32395K [0x0000000704e00000, 0x0000000800000000)
  region size 2048K, 8 young (16384K), 3 survivors (6144K)
 Metaspace       used 59468K, capacity 60044K, committed 60160K, reserved 1101824K
  class space    used 7589K, capacity 7785K, committed 7808K, reserved 1048576K
}
Event: 2.058 GC heap after
{Heap after GC invocations=15 (full 0):
 garbage-first heap   total 118784K, used 24947K [0x0000000704e00000, 0x0000000800000000)
  region size 2048K, 2 young (4096K), 2 survivors (4096K)
 Metaspace       used 59468K, capacity 60044K, committed 60160K, reserved 1101824K
  class space    used 7589K, capacity 7785K, committed 7808K, reserved 1048576K
}
Event: 24.128 GC heap before
{Heap before GC invocations=16 (full 0):
 garbage-first heap   total 102400K, used 82291K [0x0000000704e00000, 0x0000000800000000)
  region size 2048K, 30 young (61440K), 2 survivors (4096K)
 Metaspace       used 63304K, capacity 63948K, committed 64256K, reserved 1105920K
  class space    used 8149K, capacity 8354K, committed 8448K, reserved 1048576K
}
Event: 24.132 GC heap after
{Heap after GC invocations=17 (full 0):
 garbage-first heap   total 102400K, used 28035K [0x0000000704e00000, 0x0000000800000000)
  region size 2048K, 4 young (8192K), 4 survivors (8192K)
 Metaspace       used 63304K, capacity 63948K, committed 64256K, reserved 1105920K
  class space    used 8149K, capacity 8354K, committed 8448K, reserved 1048576K
}
Event: 24.775 GC heap before
{Heap before GC invocations=17 (full 0):
 garbage-first heap   total 102400K, used 77187K [0x0000000704e00000, 0x0000000800000000)
  region size 2048K, 29 young (59392K), 4 survivors (8192K)
 Metaspace       used 70844K, capacity 71500K, committed 71552K, reserved 1112064K
  class space    used 8846K, capacity 9058K, committed 9088K, reserved 1048576K
}
Event: 24.778 GC heap after
{Heap after GC invocations=18 (full 0):
 garbage-first heap   total 102400K, used 30622K [0x0000000704e00000, 0x0000000800000000)
  region size 2048K, 4 young (8192K), 4 survivors (8192K)
 Metaspace       used 70844K, capacity 71500K, committed 71552K, reserved 1112064K
  class space    used 8846K, capacity 9058K, committed 9088K, reserved 1048576K
}
Event: 351.469 GC heap before
{Heap before GC invocations=18 (full 0):
 garbage-first heap   total 102400K, used 67486K [0x0000000704e00000, 0x0000000800000000)
  region size 2048K, 24 young (49152K), 4 survivors (8192K)
 Metaspace       used 73262K, capacity 74013K, committed 74112K, reserved 1114112K
  class space    used 9130K, capacity 9330K, committed 9344K, reserved 1048576K
}
Event: 351.487 GC heap after
{Heap after GC invocations=19 (full 1):
 garbage-first heap   total 96256K, used 26118K [0x0000000704e00000, 0x0000000800000000)
  region size 2048K, 0 young (0K), 0 survivors (0K)
 Metaspace       used 73235K, capacity 73925K, committed 74112K, reserved 1114112K
  class space    used 9129K, capacity 9327K, committed 9344K, reserved 1048576K
}
Event: 351.582 GC heap before
{Heap before GC invocations=19 (full 1):
 garbage-first heap   total 96256K, used 73222K [0x0000000704e00000, 0x0000000800000000)
  region size 2048K, 24 young (49152K), 0 survivors (0K)
 Metaspace       used 73265K, capacity 74011K, committed 74112K, reserved 1114112K
  class space    used 9134K, capacity 9333K, committed 9344K, reserved 1048576K
}
Event: 351.583 GC heap after
{Heap after GC invocations=20 (full 1):
 garbage-first heap   total 96256K, used 28917K [0x0000000704e00000, 0x0000000800000000)
  region size 2048K, 2 young (4096K), 2 survivors (4096K)
 Metaspace       used 73265K, capacity 74011K, committed 74112K, reserved 1114112K
  class space    used 9134K, capacity 9333K, committed 9344K, reserved 1048576K
}
Event: 351.675 GC heap before
{Heap before GC invocations=20 (full 1):
 garbage-first heap   total 96256K, used 71925K [0x0000000704e00000, 0x0000000800000000)
  region size 2048K, 24 young (49152K), 2 survivors (4096K)
 Metaspace       used 73426K, capacity 74204K, committed 74496K, reserved 1114112K
  class space    used 9153K, capacity 9410K, committed 9472K, reserved 1048576K
}
Event: 351.676 GC heap after
{Heap after GC invocations=21 (full 1):
 garbage-first heap   total 96256K, used 29572K [0x0000000704e00000, 0x0000000800000000)
  region size 2048K, 2 young (4096K), 2 survivors (4096K)
 Metaspace       used 73426K, capacity 74204K, committed 74496K, reserved 1114112K
  class space    used 9153K, capacity 9410K, committed 9472K, reserved 1048576K
}

Deoptimization events (8 events):
Event: 0.879 Thread 0x000002074995f9a0 DEOPT PACKING pc=0x000002072b3fa8fc sp=0x000000bcf4afc890
Event: 0.879 Thread 0x000002074995f9a0 DEOPT UNPACKING pc=0x000002072a3de23f sp=0x000000bcf4afbde8 mode 0
Event: 1.352 Thread 0x0000020749adc460 DEOPT PACKING pc=0x000002072b350aa8 sp=0x000000bcf4ffef50
Event: 1.352 Thread 0x0000020749adc460 DEOPT UNPACKING pc=0x000002072a3de23f sp=0x000000bcf4ffe3b8 mode 3
Event: 2.193 Thread 0x000002074995f9a0 DEOPT PACKING pc=0x000002072b3583c9 sp=0x000000bcf4afcd00
Event: 2.193 Thread 0x000002074995f9a0 DEOPT UNPACKING pc=0x000002072a3de23f sp=0x000000bcf4afc218 mode 3
Event: 2.193 Thread 0x000002074995f9a0 DEOPT PACKING pc=0x000002072b34d254 sp=0x000000bcf4afccc0
Event: 2.193 Thread 0x000002074995f9a0 DEOPT UNPACKING pc=0x000002072a3de23f sp=0x000000bcf4afc218 mode 3

Classes unloaded (2 events):
Event: 351.474 Thread 0x000002074467e880 Unloading class 0x000000080082f040 'org/apache/jsp/WEB_002dINF/views/form_jsp'
Event: 351.474 Thread 0x000002074467e880 Unloading class 0x0000000800709040 'jdk/internal/reflect/GeneratedMethodAccessor33'

Classes redefined (0 events):
No events

Internal exceptions (20 events):
Event: 355.869 Thread 0x000002074ca7f3b0 Exception <a 'java/lang/ClassNotFoundException'{0x0000000709920728}: org/springframework/web/servlet/tags/RequestContextAwareTagCustomizer> (0x0000000709920728) 
thrown [./open/src/hotspot/share/classfile/systemDictionary.cpp, line 295]
Event: 355.870 Thread 0x000002074ca7f3b0 Exception <a 'java/lang/ClassNotFoundException'{0x000000070992c458}: org/springframework/web/servlet/tags/HtmlEscapingAwareTagCustomizer> (0x000000070992c458) 
thrown [./open/src/hotspot/share/classfile/systemDictionary.cpp, line 295]
Event: 355.870 Thread 0x000002074ca7f3b0 Exception <a 'java/lang/ClassNotFoundException'{0x0000000709937cd8}: org/springframework/web/servlet/tags/form/AbstractFormTagCustomizer> (0x0000000709937cd8) 
thrown [./open/src/hotspot/share/classfile/systemDictionary.cpp, line 295]
Event: 355.870 Thread 0x000002074ca7f3b0 Exception <a 'java/lang/ClassNotFoundException'{0x0000000709942c80}: org/springframework/web/servlet/tags/form/AbstractDataBoundFormElementTagCustomizer> (0x0000000709942c80) 
thrown [./open/src/hotspot/share/classfile/systemDictionary.cpp, line 295]
Event: 355.870 Thread 0x000002074ca7f3b0 Exception <a 'java/lang/ClassNotFoundException'{0x0000000709952b20}: org/springframework/web/servlet/tags/form/AbstractHtmlElementTagCustomizer> (0x0000000709952b20) 
thrown [./open/src/hotspot/share/classfile/systemDictionary.cpp, line 295]
Event: 355.871 Thread 0x000002074ca7f3b0 Exception <a 'java/lang/ClassNotFoundException'{0x00000007099684e8}: org/springframework/web/servlet/tags/form/FormTagCustomizer> (0x00000007099684e8) 
thrown [./open/src/hotspot/share/classfile/systemDictionary.cpp, line 295]
Event: 355.871 Thread 0x000002074ca7f3b0 Exception <a 'java/lang/ClassNotFoundException'{0x0000000709984768}: org/springframework/web/servlet/tags/form/InputTagBeanInfo> (0x0000000709984768) 
thrown [./open/src/hotspot/share/classfile/systemDictionary.cpp, line 295]
Event: 355.871 Thread 0x000002074ca7f3b0 Exception <a 'java/lang/ClassNotFoundException'{0x000000070998d338}: org/springframework/web/servlet/tags/form/AbstractHtmlInputElementTagBeanInfo> (0x000000070998d338) 
thrown [./open/src/hotspot/share/classfile/systemDictionary.cpp, line 295]
Event: 355.872 Thread 0x000002074ca7f3b0 Exception <a 'java/lang/ClassNotFoundException'{0x0000000709996300}: org/springframework/web/servlet/tags/form/AbstractHtmlInputElementTagCustomizer> (0x0000000709996300) 
thrown [./open/src/hotspot/share/classfile/systemDictionary.cpp, line 295]
Event: 355.872 Thread 0x000002074ca7f3b0 Exception <a 'java/lang/ClassNotFoundException'{0x00000007099a5318}: org/springframework/web/servlet/tags/form/InputTagCustomizer> (0x00000007099a5318) 
thrown [./open/src/hotspot/share/classfile/systemDictionary.cpp, line 295]
Event: 355.872 Thread 0x000002074ca7f3b0 Exception <a 'java/lang/ClassNotFoundException'{0x00000007099ccf80}: org/springframework/web/servlet/tags/form/CheckboxTagBeanInfo> (0x00000007099ccf80) 
thrown [./open/src/hotspot/share/classfile/systemDictionary.cpp, line 295]
Event: 355.872 Thread 0x000002074ca7f3b0 Exception <a 'java/lang/ClassNotFoundException'{0x00000007099d5d60}: org/springframework/web/servlet/tags/form/AbstractSingleCheckedElementTagBeanInfo> (0x00000007099d5d60) 
thrown [./open/src/hotspot/share/classfile/systemDictionary.cpp, line 295]
Event: 355.873 Thread 0x000002074ca7f3b0 Exception <a 'java/lang/ClassNotFoundException'{0x00000007099debc0}: org/springframework/web/servlet/tags/form/AbstractCheckedElementTagBeanInfo> (0x00000007099debc0) 
thrown [./open/src/hotspot/share/classfile/systemDictionary.cpp, line 295]
Event: 355.873 Thread 0x000002074ca7f3b0 Exception <a 'java/lang/ClassNotFoundException'{0x00000007099e7a20}: org/springframework/web/servlet/tags/form/AbstractCheckedElementTagCustomizer> (0x00000007099e7a20) 
thrown [./open/src/hotspot/share/classfile/systemDictionary.cpp, line 295]
Event: 355.873 Thread 0x000002074ca7f3b0 Exception <a 'java/lang/ClassNotFoundException'{0x00000007099f4168}: org/springframework/web/servlet/tags/form/AbstractSingleCheckedElementTagCustomizer> (0x00000007099f4168) 
thrown [./open/src/hotspot/share/classfile/systemDictionary.cpp, line 295]
Event: 355.873 Thread 0x000002074ca7f3b0 Exception <a 'java/lang/ClassNotFoundException'{0x0000000709601228}: org/springframework/web/servlet/tags/form/CheckboxTagCustomizer> (0x0000000709601228) 
thrown [./open/src/hotspot/share/classfile/systemDictionary.cpp, line 295]
Event: 355.876 Thread 0x000002074ca7f3b0 Exception <a 'java/lang/ArrayIndexOutOfBoundsException'{0x0000000709677698}> (0x0000000709677698) 
thrown [./open/src/hotspot/share/runtime/sharedRuntime.cpp, line 585]
Event: 355.917 Thread 0x000002074ca7f3b0 Exception <a 'java/lang/NullPointerException'{0x0000000708f29308}> (0x0000000708f29308) 
thrown [./open/src/hotspot/share/interpreter/linkResolver.cpp, line 1457]
Event: 355.918 Thread 0x000002074ca7f3b0 Exception <a 'java/lang/ClassNotFoundException'{0x0000000708f3a8b0}: java/lang/ObjectCustomizer> (0x0000000708f3a8b0) 
thrown [./open/src/hotspot/share/classfile/systemDictionary.cpp, line 295]
Event: 355.918 Thread 0x000002074ca7f3b0 Exception <a 'java/lang/ClassNotFoundException'{0x0000000708f47520}: com/example/demo/entity/FormEntityCustomizer> (0x0000000708f47520) 
thrown [./open/src/hotspot/share/classfile/systemDictionary.cpp, line 295]

Events (20 events):
Event: 355.925 Executing VM operation: get/set locals
Event: 355.925 Executing VM operation: get/set locals done
Event: 355.925 Executing VM operation: get/set locals
Event: 355.925 Executing VM operation: get/set locals done
Event: 355.925 Executing VM operation: get/set locals
Event: 355.925 Executing VM operation: get/set locals done
Event: 355.925 Executing VM operation: get/set locals
Event: 355.925 Executing VM operation: get/set locals done
Event: 355.925 Executing VM operation: get/set locals
Event: 355.925 Executing VM operation: get/set locals done
Event: 355.925 Executing VM operation: get/set locals
Event: 355.925 Executing VM operation: get/set locals done
Event: 355.925 Executing VM operation: get/set locals
Event: 355.925 Executing VM operation: get/set locals done
Event: 355.925 Executing VM operation: get/set locals
Event: 355.925 Executing VM operation: get/set locals done
Event: 355.925 Executing VM operation: get/set locals
Event: 355.925 Executing VM operation: get/set locals done
Event: 355.925 Executing VM operation: get/set locals
Event: 355.925 Executing VM operation: get/set locals done


Dynamic libraries:
0x00007ff71eda0000 - 0x00007ff71edad000 	E:\sts\spring-tool-suite-4-4.8.1.RELEASE-e4.17.0-win32.win32.x86_64\sts-4.8.1.RELEASE\plugins\org.eclipse.justj.openjdk.hotspot.jre.full.win32.x86_64_15.0.0.v20201014-1246\jre\bin\javaw.exe
0x0000020724d80000 - 0x0000020724fe0000 	C:\Windows\SYSTEM32\ntd1l.dll
0x0000020724ff0000 - 0x00000207250b7000 	C:\Windows\System32\kern3l32.dll
0x00007ffe8dc80000 - 0x00007ffe8dee0000 	C:\Windows\SYSTEM32\ntdll.dll
0x00007ffe8c730000 - 0x00007ffe8c7f7000 	C:\Windows\System32\KERNEL32.DLL
0x00007ffe8b2a0000 - 0x00007ffe8b66a000 	C:\Windows\System32\KERNELBASE.dll
0x00007ffe890e0000 - 0x00007ffe894f6000 	C:\Program Files\SentinelOne\Sentinel Agent 24.1.5.277\InProcessClient64.dll
0x00007ffe8d2e0000 - 0x00007ffe8d392000 	C:\Windows\System32\ADVAPI32.dll
0x00007ffe8c920000 - 0x00007ffe8c9c9000 	C:\Windows\System32\msvcrt.dll
0x00007ffe8d1c0000 - 0x00007ffe8d266000 	C:\Windows\System32\sechost.dll
0x00007ffe8bdc0000 - 0x00007ffe8bed6000 	C:\Windows\System32\RPCRT4.dll
0x00007ffe8b840000 - 0x00007ffe8b98b000 	C:\Windows\System32\ucrtbase.dll
0x00007ffe790c0000 - 0x00007ffe790d9000 	E:\sts\spring-tool-suite-4-4.8.1.RELEASE-e4.17.0-win32.win32.x86_64\sts-4.8.1.RELEASE\plugins\org.eclipse.justj.openjdk.hotspot.jre.full.win32.x86_64_15.0.0.v20201014-1246\jre\bin\VCRUNTIME140.dll
0x00007ffe77e00000 - 0x00007ffe77e18000 	E:\sts\spring-tool-suite-4-4.8.1.RELEASE-e4.17.0-win32.win32.x86_64\sts-4.8.1.RELEASE\plugins\org.eclipse.justj.openjdk.hotspot.jre.full.win32.x86_64_15.0.0.v20201014-1246\jre\bin\jli.dll
0x00007ffe8cef0000 - 0x00007ffe8d0bc000 	C:\Windows\System32\USER32.dll
0x00007ffe8ba50000 - 0x00007ffe8ba77000 	C:\Windows\System32\win32u.dll
0x00007ffe8d3f0000 - 0x00007ffe8d41a000 	C:\Windows\System32\GDI32.dll
0x00007ffe8b700000 - 0x00007ffe8b831000 	C:\Windows\System32\gdi32full.dll
0x00007ffe8afe0000 - 0x00007ffe8b083000 	C:\Windows\System32\msvcp_win.dll
0x00007ffe7adc0000 - 0x00007ffe7b057000 	C:\Windows\WinSxS\amd64_microsoft.windows.common-controls_6595b64144ccf1df_6.0.26100.3624_none_3e086962e3345f24\COMCTL32.dll
0x00007ffe89080000 - 0x00007ffe8908b000 	C:\Windows\SYSTEM32\VERSION.dll
0x00007ffe89070000 - 0x00007ffe8907c000 	C:\Windows\SYSTEM32\FLTLIB.DLL
0x00007ffe8c8e0000 - 0x00007ffe8c90f000 	C:\Windows\System32\IMM32.DLL
0x00007ffe7fc90000 - 0x00007ffe7fc9c000 	E:\sts\spring-tool-suite-4-4.8.1.RELEASE-e4.17.0-win32.win32.x86_64\sts-4.8.1.RELEASE\plugins\org.eclipse.justj.openjdk.hotspot.jre.full.win32.x86_64_15.0.0.v20201014-1246\jre\bin\vcruntime140_1.dll
0x00007ffe6ee30000 - 0x00007ffe6eec1000 	E:\sts\spring-tool-suite-4-4.8.1.RELEASE-e4.17.0-win32.win32.x86_64\sts-4.8.1.RELEASE\plugins\org.eclipse.justj.openjdk.hotspot.jre.full.win32.x86_64_15.0.0.v20201014-1246\jre\bin\msvcp140.dll
0x00007ffe19ac0000 - 0x00007ffe1a61c000 	E:\sts\spring-tool-suite-4-4.8.1.RELEASE-e4.17.0-win32.win32.x86_64\sts-4.8.1.RELEASE\plugins\org.eclipse.justj.openjdk.hotspot.jre.full.win32.x86_64_15.0.0.v20201014-1246\jre\bin\server\jvm.dll
0x0000020724910000 - 0x0000020724918000 	C:\Windows\System32\PSAPI.DLL
0x00007ffe69a80000 - 0x00007ffe69a8a000 	C:\Windows\SYSTEM32\WSOCK32.dll
0x00007ffe8bbe0000 - 0x00007ffe8bc54000 	C:\Windows\System32\WS2_32.dll
0x00007ffe81970000 - 0x00007ffe819a6000 	C:\Windows\SYSTEM32\WINMM.dll
0x00007ffe89d50000 - 0x00007ffe89d6a000 	C:\Windows\SYSTEM32\kernel.appcore.dll
0x00007ffe858f0000 - 0x00007ffe858fa000 	E:\sts\spring-tool-suite-4-4.8.1.RELEASE-e4.17.0-win32.win32.x86_64\sts-4.8.1.RELEASE\plugins\org.eclipse.justj.openjdk.hotspot.jre.full.win32.x86_64_15.0.0.v20201014-1246\jre\bin\jimage.dll
0x00007ffe88270000 - 0x00007ffe884b1000 	C:\Windows\SYSTEM32\DBGHELP.DLL
0x00007ffe8d830000 - 0x00007ffe8dbb2000 	C:\Windows\System32\combase.dll
0x00007ffe8c650000 - 0x00007ffe8c726000 	C:\Windows\System32\OLEAUT32.dll
0x00007ffe7ad80000 - 0x00007ffe7adb9000 	C:\Windows\SYSTEM32\dbgcore.DLL
0x00007ffe8b090000 - 0x00007ffe8b129000 	C:\Windows\System32\bcryptPrimitives.dll
0x00007ffe08ff0000 - 0x00007ffe0909d000 	C:\Program Files\SentinelOne\Sentinel Agent 24.1.5.277\SentinelJava64.dll
0x00007ffe8d270000 - 0x00007ffe8d2d4000 	C:\Windows\System32\SHLWAPI.dll
0x00007ffe8d420000 - 0x00007ffe8d5b6000 	C:\Windows\System32\ole32.dll
0x00007ffe789d0000 - 0x00007ffe789f5000 	E:\sts\spring-tool-suite-4-4.8.1.RELEASE-e4.17.0-win32.win32.x86_64\sts-4.8.1.RELEASE\plugins\org.eclipse.justj.openjdk.hotspot.jre.full.win32.x86_64_15.0.0.v20201014-1246\jre\bin\java.dll
0x00007ffe85700000 - 0x00007ffe85718000 	E:\sts\spring-tool-suite-4-4.8.1.RELEASE-e4.17.0-win32.win32.x86_64\sts-4.8.1.RELEASE\plugins\org.eclipse.justj.openjdk.hotspot.jre.full.win32.x86_64_15.0.0.v20201014-1246\jre\bin\zip.dll
0x00007ffe8bee0000 - 0x00007ffe8c609000 	C:\Windows\System32\SHELL32.dll
0x00007ffe8b130000 - 0x00007ffe8b298000 	C:\Windows\System32\wintypes.dll
0x00007ffe886a0000 - 0x00007ffe88ef2000 	C:\Windows\SYSTEM32\windows.storage.dll
0x00007ffe8bcd0000 - 0x00007ffe8bdbd000 	C:\Windows\System32\SHCORE.dll
0x00007ffe8ad70000 - 0x00007ffe8ad9f000 	C:\Windows\SYSTEM32\profapi.dll
0x00007ffe7d530000 - 0x00007ffe7d549000 	E:\sts\spring-tool-suite-4-4.8.1.RELEASE-e4.17.0-win32.win32.x86_64\sts-4.8.1.RELEASE\plugins\org.eclipse.justj.openjdk.hotspot.jre.full.win32.x86_64_15.0.0.v20201014-1246\jre\bin\net.dll
0x00007ffe84700000 - 0x00007ffe8481d000 	C:\Windows\SYSTEM32\WINHTTP.dll
0x00007ffe8a250000 - 0x00007ffe8a2ba000 	C:\Windows\system32\mswsock.dll
0x00007ffe7d330000 - 0x00007ffe7d342000 	E:\sts\spring-tool-suite-4-4.8.1.RELEASE-e4.17.0-win32.win32.x86_64\sts-4.8.1.RELEASE\plugins\org.eclipse.justj.openjdk.hotspot.jre.full.win32.x86_64_15.0.0.v20201014-1246\jre\bin\nio.dll
0x00007ffe7d170000 - 0x00007ffe7d179000 	E:\sts\spring-tool-suite-4-4.8.1.RELEASE-e4.17.0-win32.win32.x86_64\sts-4.8.1.RELEASE\plugins\org.eclipse.justj.openjdk.hotspot.jre.full.win32.x86_64_15.0.0.v20201014-1246\jre\bin\management.dll
0x00007ffe7d000000 - 0x00007ffe7d00b000 	E:\sts\spring-tool-suite-4-4.8.1.RELEASE-e4.17.0-win32.win32.x86_64\sts-4.8.1.RELEASE\plugins\org.eclipse.justj.openjdk.hotspot.jre.full.win32.x86_64_15.0.0.v20201014-1246\jre\bin\management_ext.dll
0x00007ffe58a10000 - 0x00007ffe58a28000 	C:\Windows\system32\napinsp.dll
0x00007ffe89760000 - 0x00007ffe89885000 	C:\Windows\SYSTEM32\DNSAPI.dll
0x00007ffe896d0000 - 0x00007ffe89703000 	C:\Windows\SYSTEM32\IPHLPAPI.DLL
0x00007ffe8c9d0000 - 0x00007ffe8c9da000 	C:\Windows\System32\NSI.dll
0x00007ffe58f50000 - 0x00007ffe58f62000 	C:\Windows\System32\winrnr.dll
0x00007ffe58f10000 - 0x00007ffe58f40000 	C:\Windows\system32\nlansp_c.dll
0x00007ffe58ef0000 - 0x00007ffe58f06000 	C:\Windows\system32\wshbth.dll
0x00007ffe83bc0000 - 0x00007ffe83bcb000 	C:\Windows\System32\rasadhlp.dll
0x00007ffe84f40000 - 0x00007ffe84fc5000 	C:\Windows\System32\fwpuclnt.dll
0x00007ffe8a600000 - 0x00007ffe8a61c000 	C:\Windows\SYSTEM32\CRYPTSP.dll
0x00007ffe89cb0000 - 0x00007ffe89cea000 	C:\Windows\system32\rsaenh.dll
0x00007ffe8a2f0000 - 0x00007ffe8a31b000 	C:\Windows\SYSTEM32\USERENV.dll
0x00007ffe8ad40000 - 0x00007ffe8ad66000 	C:\Windows\SYSTEM32\bcrypt.dll
0x00007ffe8a480000 - 0x00007ffe8a48c000 	C:\Windows\SYSTEM32\CRYPTBASE.dll
0x00007ffe84ba0000 - 0x00007ffe84bbf000 	C:\Windows\SYSTEM32\dhcpcsvc6.DLL
0x00007ffe84b70000 - 0x00007ffe84b95000 	C:\Windows\SYSTEM32\dhcpcsvc.DLL
0x00007ffe85730000 - 0x00007ffe85740000 	E:\sts\spring-tool-suite-4-4.8.1.RELEASE-e4.17.0-win32.win32.x86_64\sts-4.8.1.RELEASE\plugins\org.eclipse.justj.openjdk.hotspot.jre.full.win32.x86_64_15.0.0.v20201014-1246\jre\bin\verify.dll
0x00007ffe85720000 - 0x00007ffe8572d000 	E:\sts\spring-tool-suite-4-4.8.1.RELEASE-e4.17.0-win32.win32.x86_64\sts-4.8.1.RELEASE\plugins\org.eclipse.justj.openjdk.hotspot.jre.full.win32.x86_64_15.0.0.v20201014-1246\jre\bin\sunmscapi.dll
0x00007ffe8ae60000 - 0x00007ffe8afd7000 	C:\Windows\System32\CRYPT32.dll
0x00007ffe8a750000 - 0x00007ffe8a780000 	C:\Windows\SYSTEM32\ncrypt.dll
0x00007ffe8a700000 - 0x00007ffe8a73f000 	C:\Windows\SYSTEM32\NTASN1.dll

dbghelp: loaded successfully - version: 4.0.5 - missing functions: none
symbol engine: initialized successfully - sym options: 0x614 - pdb path: .;E:\sts\spring-tool-suite-4-4.8.1.RELEASE-e4.17.0-win32.win32.x86_64\sts-4.8.1.RELEASE\plugins\org.eclipse.justj.openjdk.hotspot.jre.full.win32.x86_64_15.0.0.v20201014-1246\jre\bin;C:\Windows\SYSTEM32;C:\Program Files\SentinelOne\Sentinel Agent 24.1.5.277;C:\Windows\WinSxS\amd64_microsoft.windows.common-controls_6595b64144ccf1df_6.0.26100.3624_none_3e086962e3345f24;E:\sts\spring-tool-suite-4-4.8.1.RELEASE-e4.17.0-win32.win32.x86_64\sts-4.8.1.RELEASE\plugins\org.eclipse.justj.openjdk.hotspot.jre.full.win32.x86_64_15.0.0.v20201014-1246\jre\bin\server

VM Arguments:
jvm_args: -Dcom.sun.management.jmxremote -Dcom.sun.management.jmxremote.port=62190 -Dcom.sun.management.jmxremote.authenticate=false -Dcom.sun.management.jmxremote.ssl=false -Djava.rmi.server.hostname=localhost -Dspring.jmx.enabled=true -Dspring.application.admin.enabled=true -XX:TieredStopAtLevel=1 -Dspring.boot.project.name=form_update-1 -Dfile.encoding=UTF-8 -XX:+ShowCodeDetailsInExceptionMessages -agentpath:C:\Program Files\SentinelOne\Sentinel Agent 24.1.5.277\SentinelJava64.dll=extendedCapabilities 
java_command: com.example.demo.FormUpdate1Application --spring.output.ansi.enabled=always
java_class_path (initial): D:\ganesh\form_update-1\target\classes;C:\Users\Administrator\.m2\repository\org\springframework\boot\spring-boot-starter-data-jpa\2.7.9\spring-boot-starter-data-jpa-2.7.9.jar;C:\Users\Administrator\.m2\repository\org\springframework\boot\spring-boot-starter-aop\2.7.9\spring-boot-starter-aop-2.7.9.jar;C:\Users\Administrator\.m2\repository\org\springframework\spring-aop\5.3.25\spring-aop-5.3.25.jar;C:\Users\Administrator\.m2\repository\org\aspectj\aspectjweaver\1.9.7\aspectjweaver-1.9.7.jar;C:\Users\Administrator\.m2\repository\org\springframework\boot\spring-boot-starter-jdbc\2.7.9\spring-boot-starter-jdbc-2.7.9.jar;C:\Users\Administrator\.m2\repository\com\zaxxer\HikariCP\4.0.3\HikariCP-4.0.3.jar;C:\Users\Administrator\.m2\repository\org\springframework\spring-jdbc\5.3.25\spring-jdbc-5.3.25.jar;C:\Users\Administrator\.m2\repository\jakarta\transaction\jakarta.transaction-api\1.3.3\jakarta.transaction-api-1.3.3.jar;C:\Users\Administrator\.m2\repository\jakarta\persistence\jakarta.persistence-api\2.2.3\jakarta.persistence-api-2.2.3.jar;C:\Users\Administrator\.m2\repository\org\hibernate\hibernate-core\5.6.15.Final\hibernate-core-5.6.15.Final.jar;C:\Users\Administrator\.m2\repository\org\jboss\logging\jboss-logging\3.4.3.Final\jboss-logging-3.4.3.Final.jar;C:\Users\Administrator\.m2\repository\net\bytebuddy\byte-buddy\1.12.23\byte-buddy-1.12.23.jar;C:\Users\Administrator\.m2\repository\antlr\antlr\2.7.7\antlr-2.7.7.jar;C:\Users\Administrator\.m2\repository\org\jboss\jandex\2.4.2.Final\jandex-2.4.2.Final.jar;C:\Users\Administrator\.m2\repository\com\fasterxml\classmate\1.5.1\classmate-1.5.1.jar;C:\Users\Administrator\.m2\repository\org\hibernate\common\hibernate-commons-annotations\5.1.2.Final\hibernate-commons-annotations-5.1.2.Final.jar;C:\Users\Administrator\.m2\repository\org\glassfish\jaxb\jaxb-runtime\2.3.8\jaxb-runtime-2.3.8.jar;C:\Users\Administrator\.m2\repository\org\glassfish\jaxb\txw2\2.3.8\txw2-2.3.8.jar;C:\Users\Administrator\
Launcher Type: SUN_STANDARD

[Global flags]
     intx CICompilerCount                          = 15                                        {product} {ergonomic}
     uint ConcGCThreads                            = 6                                         {product} {ergonomic}
     uint G1ConcRefinementThreads                  = 23                                        {product} {ergonomic}
   size_t G1HeapRegionSize                         = 2097152                                   {product} {ergonomic}
    uintx GCDrainStackTargetSize                   = 64                                        {product} {ergonomic}
   size_t InitialHeapSize                          = 264241152                                 {product} {ergonomic}
     bool ManagementServer                         = true                                      {product} {command line}
   size_t MarkStackSize                            = 4194304                                   {product} {ergonomic}
   size_t MaxHeapSize                              = 4213178368                                {product} {ergonomic}
   size_t MaxNewSize                               = 2527068160                                {product} {ergonomic}
   size_t MinHeapDeltaBytes                        = 2097152                                   {product} {ergonomic}
   size_t MinHeapSize                              = 8388608                                   {product} {ergonomic}
    uintx NonNMethodCodeHeapSize                   = 13893620                               {pd product} {ergonomic}
    uintx NonProfiledCodeHeapSize                  = 237764620                              {pd product} {ergonomic}
    uintx ProfiledCodeHeapSize                     = 0                                      {pd product} {ergonomic}
    uintx ReservedCodeCacheSize                    = 251658240                              {pd product} {ergonomic}
     bool SegmentedCodeCache                       = true                                      {product} {ergonomic}
     bool ShowCodeDetailsInExceptionMessages       = true                                   {manageable} {command line}
   size_t SoftMaxHeapSize                          = 4213178368                             {manageable} {ergonomic}
     intx TieredStopAtLevel                        = 1                                         {product} {command line}
     bool UseCompressedClassPointers               = true                                 {lp64_product} {ergonomic}
     bool UseCompressedOops                        = true                                 {lp64_product} {ergonomic}
     bool UseG1GC                                  = true                                      {product} {ergonomic}
     bool UseLargePagesIndividualAllocation        = false                                  {pd product} {ergonomic}

Logging:
Log output configuration:
 #0: stdout all=warning uptime,level,tags
 #1: stderr all=off uptime,level,tags

Environment Variables:
PATH=E:/sts/spring-tool-suite-4-4.8.1.RELEASE-e4.17.0-win32.win32.x86_64/sts-4.8.1.RELEASE//plugins/org.eclipse.justj.openjdk.hotspot.jre.full.win32.x86_64_15.0.0.v20201014-1246/jre/bin/server;E:/sts/spring-tool-suite-4-4.8.1.RELEASE-e4.17.0-win32.win32.x86_64/sts-4.8.1.RELEASE//plugins/org.eclipse.justj.openjdk.hotspot.jre.full.win32.x86_64_15.0.0.v20201014-1246/jre/bin;C:\Program Files (x86)\Common Files\Oracle\Java\java8path;C:\Program Files (x86)\Common Files\Oracle\Java\javapath;C:\Windows\system32;C:\Windows;C:\Windows\System32\Wbem;C:\Windows\System32\WindowsPowerShell\v1.0\;C:\Windows\System32\OpenSSH\;C:\Program Files\dotnet\;C:\Program Files (x86)\NVIDIA Corporation\PhysX\Common;C:\Program Files\Git\cmd;C:\Program Files\MySQL\MySQL Shell 8.0\bin\;C:\Users\Administrator\AppData\Local\Microsoft\WindowsApps;;E:\sts\spring-tool-suite-4-4.8.1.RELEASE-e4.17.0-win32.win32.x86_64\sts-4.8.1.RELEASE;
USERNAME=Administrator
OS=Windows_NT
PROCESSOR_IDENTIFIER=Intel64 Family 6 Model 183 Stepping 1, GenuineIntel



---------------  S Y S T E M  ---------------

OS:
 Windows 10 , 64 bit Build 26100 (10.0.26100.3775)
OS uptime: 1 days 3:53 hours
HyperV virtualization detected

CPU: total 32 (initial active 32) (16 cores per cpu, 2 threads per core) family 6 model 183 stepping 1, cmov, cx8, fxsr, mmx, sse, sse2, sse3, ssse3, sse4.1, sse4.2, popcnt, vzeroupper, avx, avx2, aes, clmul, erms, 3dnowpref, lzcnt, ht, tsc, tscinvbit, bmi1, bmi2, adx, sha, fma, clflush, clflushopt, clwb

Memory: 4k page, system-wide physical 16070M (2044M free)
TotalPageFile size 33478M (AvailPageFile size 16858M)
current process WorkingSet (physical memory assigned to process): 267M, peak: 268M
current process commit charge ("private bytes"): 323M, peak: 397M

vm_info: OpenJDK 64-Bit Server VM (15+36-1562) for windows-amd64 JRE (15+36-1562), built on Aug 11 2020 22:33:04 by "mach5one" with unknown MS VC++:1925

END.
